{"C:\\Users\\rafael\\Desktop\\New folder\\abp_6\\src\\bot\\ProconBot.ts": {"path":"C:\\Users\\rafael\\Desktop\\New folder\\abp_6\\src\\bot\\ProconBot.ts","statementMap":{"0":{"start":{"line":1,"column":0},"end":{"line":1,"column":24}},"1":{"start":{"line":2,"column":0},"end":{"line":2,"column":52}},"2":{"start":{"line":3,"column":0},"end":{"line":3,"column":37}},"3":{"start":{"line":4,"column":0},"end":{"line":4,"column":60}},"4":{"start":{"line":7,"column":18},"end":{"line":7,"column":58}},"5":{"start":{"line":14,"column":4},"end":{"line":20,"column":7}},"6":{"start":{"line":21,"column":4},"end":{"line":21,"column":47}},"7":{"start":{"line":25,"column":23},"end":{"line":25,"column":28}},"8":{"start":{"line":26,"column":4},"end":{"line":35,"column":7}},"9":{"start":{"line":27,"column":6},"end":{"line":30,"column":7}},"10":{"start":{"line":28,"column":8},"end":{"line":28,"column":114}},"11":{"start":{"line":29,"column":8},"end":{"line":29,"column":15}},"12":{"start":{"line":31,"column":6},"end":{"line":31,"column":26}},"13":{"start":{"line":32,"column":6},"end":{"line":32,"column":82}},"14":{"start":{"line":33,"column":6},"end":{"line":33,"column":43}},"15":{"start":{"line":34,"column":6},"end":{"line":34,"column":85}},"16":{"start":{"line":37,"column":4},"end":{"line":39,"column":7}},"17":{"start":{"line":38,"column":6},"end":{"line":38,"column":62}},"18":{"start":{"line":41,"column":4},"end":{"line":43,"column":7}},"19":{"start":{"line":42,"column":6},"end":{"line":42,"column":49}},"20":{"start":{"line":45,"column":4},"end":{"line":47,"column":7}},"21":{"start":{"line":46,"column":6},"end":{"line":46,"column":53}},"22":{"start":{"line":49,"column":4},"end":{"line":51,"column":7}},"23":{"start":{"line":50,"column":6},"end":{"line":50,"column":57}},"24":{"start":{"line":53,"column":4},"end":{"line":53,"column":35}},"25":{"start":{"line":9,"column":0},"end":{"line":9,"column":13}}},"fnMap":{"0":{"name":"(anonymous_1)","decl":{"start":{"line":13,"column":2},"end":{"line":13,"column":null}},"loc":{"start":{"line":13,"column":2},"end":{"line":22,"column":3}}},"1":{"name":"(anonymous_2)","decl":{"start":{"line":24,"column":2},"end":{"line":24,"column":7}},"loc":{"start":{"line":24,"column":13},"end":{"line":54,"column":3}}},"2":{"name":"(anonymous_3)","decl":{"start":{"line":26,"column":25},"end":{"line":26,"column":26}},"loc":{"start":{"line":26,"column":32},"end":{"line":35,"column":5}}},"3":{"name":"(anonymous_4)","decl":{"start":{"line":37,"column":28},"end":{"line":37,"column":31}},"loc":{"start":{"line":37,"column":33},"end":{"line":39,"column":5}}},"4":{"name":"(anonymous_5)","decl":{"start":{"line":41,"column":36},"end":{"line":41,"column":39}},"loc":{"start":{"line":41,"column":41},"end":{"line":43,"column":5}}},"5":{"name":"(anonymous_6)","decl":{"start":{"line":45,"column":35},"end":{"line":45,"column":36}},"loc":{"start":{"line":45,"column":43},"end":{"line":47,"column":5}}},"6":{"name":"(anonymous_7)","decl":{"start":{"line":49,"column":30},"end":{"line":49,"column":35}},"loc":{"start":{"line":49,"column":44},"end":{"line":51,"column":5}}}},"branchMap":{"0":{"loc":{"start":{"line":27,"column":6},"end":{"line":30,"column":7}},"type":"if","locations":[{"start":{"line":27,"column":6},"end":{"line":30,"column":7}},{"start":{},"end":{}}]}},"s":{"0":1,"1":1,"2":1,"3":1,"4":1,"5":1,"6":1,"7":0,"8":0,"9":0,"10":0,"11":0,"12":0,"13":0,"14":0,"15":0,"16":0,"17":0,"18":0,"19":0,"20":0,"21":0,"22":0,"23":0,"24":0,"25":1},"f":{"0":1,"1":0,"2":0,"3":0,"4":0,"5":0,"6":0},"b":{"0":[0,0]}}
,"C:\\Users\\rafael\\Desktop\\New folder\\abp_6\\src\\handlers\\MessageHandler.ts": {"path":"C:\\Users\\rafael\\Desktop\\New folder\\abp_6\\src\\handlers\\MessageHandler.ts","statementMap":{"0":{"start":{"line":2,"column":0},"end":{"line":2,"column":54}},"1":{"start":{"line":3,"column":0},"end":{"line":3,"column":68}},"2":{"start":{"line":4,"column":0},"end":{"line":4,"column":72}},"3":{"start":{"line":6,"column":21},"end":{"line":6,"column":72}},"4":{"start":{"line":9,"column":2},"end":{"line":9,"column":34}},"5":{"start":{"line":9,"column":21},"end":{"line":9,"column":34}},"6":{"start":{"line":10,"column":14},"end":{"line":10,"column":58}},"7":{"start":{"line":11,"column":2},"end":{"line":11,"column":60}},"8":{"start":{"line":19,"column":4},"end":{"line":19,"column":41}},"9":{"start":{"line":20,"column":4},"end":{"line":20,"column":55}},"10":{"start":{"line":24,"column":17},"end":{"line":24,"column":29}},"11":{"start":{"line":25,"column":17},"end":{"line":25,"column":65}},"12":{"start":{"line":26,"column":22},"end":{"line":26,"column":40}},"13":{"start":{"line":27,"column":20},"end":{"line":27,"column":53}},"14":{"start":{"line":29,"column":4},"end":{"line":29,"column":24}},"15":{"start":{"line":29,"column":17},"end":{"line":29,"column":24}},"16":{"start":{"line":31,"column":4},"end":{"line":130,"column":5}},"17":{"start":{"line":33,"column":6},"end":{"line":36,"column":7}},"18":{"start":{"line":34,"column":8},"end":{"line":34,"column":57}},"19":{"start":{"line":35,"column":8},"end":{"line":35,"column":15}},"20":{"start":{"line":39,"column":6},"end":{"line":53,"column":7}},"21":{"start":{"line":40,"column":30},"end":{"line":40,"column":63}},"22":{"start":{"line":41,"column":28},"end":{"line":41,"column":62}},"23":{"start":{"line":42,"column":22},"end":{"line":42,"column":56}},"24":{"start":{"line":43,"column":8},"end":{"line":47,"column":9}},"25":{"start":{"line":44,"column":21},"end":{"line":44,"column":83}},"26":{"start":{"line":45,"column":10},"end":{"line":45,"column":174}},"27":{"start":{"line":46,"column":10},"end":{"line":46,"column":17}},"28":{"start":{"line":48,"column":8},"end":{"line":52,"column":9}},"29":{"start":{"line":49,"column":21},"end":{"line":49,"column":81}},"30":{"start":{"line":50,"column":10},"end":{"line":50,"column":172}},"31":{"start":{"line":51,"column":10},"end":{"line":51,"column":17}},"32":{"start":{"line":56,"column":6},"end":{"line":60,"column":7}},"33":{"start":{"line":57,"column":8},"end":{"line":57,"column":52}},"34":{"start":{"line":58,"column":8},"end":{"line":58,"column":59}},"35":{"start":{"line":59,"column":8},"end":{"line":59,"column":15}},"36":{"start":{"line":63,"column":6},"end":{"line":66,"column":7}},"37":{"start":{"line":64,"column":8},"end":{"line":64,"column":63}},"38":{"start":{"line":65,"column":8},"end":{"line":65,"column":15}},"39":{"start":{"line":70,"column":8},"end":{"line":85,"column":29}},"40":{"start":{"line":86,"column":6},"end":{"line":89,"column":7}},"41":{"start":{"line":87,"column":8},"end":{"line":87,"column":59}},"42":{"start":{"line":88,"column":8},"end":{"line":88,"column":15}},"43":{"start":{"line":91,"column":6},"end":{"line":94,"column":7}},"44":{"start":{"line":92,"column":8},"end":{"line":92,"column":63}},"45":{"start":{"line":93,"column":8},"end":{"line":93,"column":15}},"46":{"start":{"line":96,"column":6},"end":{"line":99,"column":7}},"47":{"start":{"line":97,"column":8},"end":{"line":97,"column":62}},"48":{"start":{"line":98,"column":8},"end":{"line":98,"column":15}},"49":{"start":{"line":101,"column":6},"end":{"line":104,"column":7}},"50":{"start":{"line":102,"column":8},"end":{"line":102,"column":59}},"51":{"start":{"line":103,"column":8},"end":{"line":103,"column":15}},"52":{"start":{"line":106,"column":6},"end":{"line":109,"column":7}},"53":{"start":{"line":107,"column":8},"end":{"line":107,"column":59}},"54":{"start":{"line":108,"column":8},"end":{"line":108,"column":15}},"55":{"start":{"line":111,"column":6},"end":{"line":114,"column":7}},"56":{"start":{"line":112,"column":8},"end":{"line":112,"column":60}},"57":{"start":{"line":113,"column":8},"end":{"line":113,"column":15}},"58":{"start":{"line":116,"column":6},"end":{"line":122,"column":7}},"59":{"start":{"line":117,"column":8},"end":{"line":117,"column":51}},"60":{"start":{"line":118,"column":8},"end":{"line":120,"column":10}},"61":{"start":{"line":121,"column":8},"end":{"line":121,"column":15}},"62":{"start":{"line":124,"column":6},"end":{"line":124,"column":62}},"63":{"start":{"line":126,"column":6},"end":{"line":126,"column":56}},"64":{"start":{"line":127,"column":6},"end":{"line":129,"column":8}},"65":{"start":{"line":134,"column":19},"end":{"line":134,"column":59}},"66":{"start":{"line":135,"column":22},"end":{"line":135,"column":47}},"67":{"start":{"line":137,"column":4},"end":{"line":225,"column":5}},"68":{"start":{"line":139,"column":23},"end":{"line":139,"column":112}},"69":{"start":{"line":140,"column":24},"end":{"line":140,"column":108}},"70":{"start":{"line":141,"column":8},"end":{"line":150,"column":9}},"71":{"start":{"line":142,"column":10},"end":{"line":142,"column":73}},"72":{"start":{"line":143,"column":15},"end":{"line":150,"column":9}},"73":{"start":{"line":144,"column":10},"end":{"line":144,"column":64}},"74":{"start":{"line":145,"column":10},"end":{"line":145,"column":87}},"75":{"start":{"line":147,"column":10},"end":{"line":149,"column":12}},"76":{"start":{"line":151,"column":8},"end":{"line":151,"column":14}},"77":{"start":{"line":154,"column":8},"end":{"line":154,"column":52}},"78":{"start":{"line":155,"column":8},"end":{"line":155,"column":73}},"79":{"start":{"line":156,"column":8},"end":{"line":156,"column":14}},"80":{"start":{"line":158,"column":8},"end":{"line":158,"column":54}},"81":{"start":{"line":159,"column":21},"end":{"line":159,"column":69}},"82":{"start":{"line":160,"column":8},"end":{"line":160,"column":76}},"83":{"start":{"line":161,"column":8},"end":{"line":161,"column":14}},"84":{"start":{"line":165,"column":8},"end":{"line":172,"column":9}},"85":{"start":{"line":166,"column":23},"end":{"line":166,"column":71}},"86":{"start":{"line":167,"column":10},"end":{"line":167,"column":78}},"87":{"start":{"line":169,"column":10},"end":{"line":171,"column":12}},"88":{"start":{"line":173,"column":8},"end":{"line":173,"column":14}},"89":{"start":{"line":176,"column":23},"end":{"line":176,"column":41}},"90":{"start":{"line":177,"column":8},"end":{"line":180,"column":9}},"91":{"start":{"line":178,"column":10},"end":{"line":178,"column":82}},"92":{"start":{"line":179,"column":10},"end":{"line":179,"column":16}},"93":{"start":{"line":181,"column":23},"end":{"line":181,"column":76}},"94":{"start":{"line":182,"column":8},"end":{"line":186,"column":9}},"95":{"start":{"line":183,"column":10},"end":{"line":183,"column":104}},"96":{"start":{"line":185,"column":10},"end":{"line":185,"column":91}},"97":{"start":{"line":187,"column":8},"end":{"line":187,"column":14}},"98":{"start":{"line":190,"column":20},"end":{"line":190,"column":38}},"99":{"start":{"line":191,"column":8},"end":{"line":194,"column":9}},"100":{"start":{"line":192,"column":10},"end":{"line":192,"column":89}},"101":{"start":{"line":193,"column":10},"end":{"line":193,"column":16}},"102":{"start":{"line":195,"column":8},"end":{"line":200,"column":9}},"103":{"start":{"line":196,"column":29},"end":{"line":196,"column":69}},"104":{"start":{"line":197,"column":10},"end":{"line":197,"column":82}},"105":{"start":{"line":199,"column":10},"end":{"line":199,"column":95}},"106":{"start":{"line":201,"column":8},"end":{"line":201,"column":14}},"107":{"start":{"line":204,"column":23},"end":{"line":204,"column":73}},"108":{"start":{"line":205,"column":25},"end":{"line":205,"column":65}},"109":{"start":{"line":206,"column":8},"end":{"line":222,"column":9}},"110":{"start":{"line":207,"column":25},"end":{"line":207,"column":71}},"111":{"start":{"line":208,"column":10},"end":{"line":213,"column":11}},"112":{"start":{"line":209,"column":12},"end":{"line":209,"column":145}},"113":{"start":{"line":210,"column":12},"end":{"line":210,"column":58}},"114":{"start":{"line":212,"column":12},"end":{"line":212,"column":44}},"115":{"start":{"line":214,"column":15},"end":{"line":222,"column":9}},"116":{"start":{"line":215,"column":10},"end":{"line":215,"column":54}},"117":{"start":{"line":216,"column":10},"end":{"line":216,"column":61}},"118":{"start":{"line":218,"column":10},"end":{"line":221,"column":12}},"119":{"start":{"line":223,"column":8},"end":{"line":223,"column":14}},"120":{"start":{"line":229,"column":18},"end":{"line":229,"column":52}},"121":{"start":{"line":230,"column":21},"end":{"line":230,"column":40}},"122":{"start":{"line":231,"column":18},"end":{"line":231,"column":50}},"123":{"start":{"line":233,"column":14},"end":{"line":233,"column":64}},"124":{"start":{"line":234,"column":4},"end":{"line":234,"column":37}},"125":{"start":{"line":235,"column":4},"end":{"line":235,"column":49}},"126":{"start":{"line":236,"column":4},"end":{"line":236,"column":57}},"127":{"start":{"line":237,"column":4},"end":{"line":237,"column":61}},"128":{"start":{"line":238,"column":4},"end":{"line":238,"column":27}},"129":{"start":{"line":239,"column":4},"end":{"line":239,"column":110}},"130":{"start":{"line":240,"column":4},"end":{"line":240,"column":204}},"131":{"start":{"line":241,"column":4},"end":{"line":241,"column":35}},"132":{"start":{"line":242,"column":4},"end":{"line":242,"column":50}},"133":{"start":{"line":243,"column":4},"end":{"line":243,"column":50}},"134":{"start":{"line":244,"column":4},"end":{"line":244,"column":51}},"135":{"start":{"line":246,"column":4},"end":{"line":257,"column":5}},"136":{"start":{"line":247,"column":6},"end":{"line":247,"column":48}},"137":{"start":{"line":249,"column":6},"end":{"line":256,"column":7}},"138":{"start":{"line":250,"column":21},"end":{"line":250,"column":65}},"139":{"start":{"line":251,"column":22},"end":{"line":251,"column":116}},"140":{"start":{"line":252,"column":8},"end":{"line":252,"column":50}},"141":{"start":{"line":253,"column":8},"end":{"line":253,"column":69}},"142":{"start":{"line":254,"column":8},"end":{"line":254,"column":42}},"143":{"start":{"line":255,"column":8},"end":{"line":255,"column":60}},"144":{"start":{"line":259,"column":4},"end":{"line":259,"column":15}},"145":{"start":{"line":14,"column":0},"end":{"line":14,"column":13}}},"fnMap":{"0":{"name":"isAtendente","decl":{"start":{"line":8,"column":9},"end":{"line":8,"column":20}},"loc":{"start":{"line":8,"column":33},"end":{"line":12,"column":1}}},"1":{"name":"(anonymous_1)","decl":{"start":{"line":18,"column":2},"end":{"line":18,"column":null}},"loc":{"start":{"line":18,"column":2},"end":{"line":21,"column":3}}},"2":{"name":"(anonymous_2)","decl":{"start":{"line":23,"column":2},"end":{"line":23,"column":7}},"loc":{"start":{"line":23,"column":47},"end":{"line":131,"column":3}}},"3":{"name":"(anonymous_3)","decl":{"start":{"line":133,"column":10},"end":{"line":133,"column":15}},"loc":{"start":{"line":133,"column":83},"end":{"line":226,"column":3}}},"4":{"name":"(anonymous_4)","decl":{"start":{"line":210,"column":48},"end":{"line":210,"column":51}},"loc":{"start":{"line":210,"column":53},"end":{"line":210,"column":56}}},"5":{"name":"(anonymous_5)","decl":{"start":{"line":228,"column":10},"end":{"line":228,"column":30}},"loc":{"start":{"line":228,"column":30},"end":{"line":260,"column":3}}}},"branchMap":{"0":{"loc":{"start":{"line":6,"column":22},"end":{"line":6,"column":52}},"type":"binary-expr","locations":[{"start":{"line":6,"column":22},"end":{"line":6,"column":46}},{"start":{"line":6,"column":50},"end":{"line":6,"column":52}}]},"1":{"loc":{"start":{"line":9,"column":2},"end":{"line":9,"column":34}},"type":"if","locations":[{"start":{"line":9,"column":2},"end":{"line":9,"column":34}},{"start":{},"end":{}}]},"2":{"loc":{"start":{"line":11,"column":9},"end":{"line":11,"column":59}},"type":"binary-expr","locations":[{"start":{"line":11,"column":9},"end":{"line":11,"column":29}},{"start":{"line":11,"column":33},"end":{"line":11,"column":59}}]},"3":{"loc":{"start":{"line":25,"column":18},"end":{"line":25,"column":36}},"type":"binary-expr","locations":[{"start":{"line":25,"column":18},"end":{"line":25,"column":30}},{"start":{"line":25,"column":34},"end":{"line":25,"column":36}}]},"4":{"loc":{"start":{"line":29,"column":4},"end":{"line":29,"column":24}},"type":"if","locations":[{"start":{"line":29,"column":4},"end":{"line":29,"column":24}},{"start":{},"end":{}}]},"5":{"loc":{"start":{"line":33,"column":6},"end":{"line":36,"column":7}},"type":"if","locations":[{"start":{"line":33,"column":6},"end":{"line":36,"column":7}},{"start":{},"end":{}}]},"6":{"loc":{"start":{"line":33,"column":10},"end":{"line":33,"column":115}},"type":"binary-expr","locations":[{"start":{"line":33,"column":10},"end":{"line":33,"column":27}},{"start":{"line":33,"column":32},"end":{"line":33,"column":57}},{"start":{"line":33,"column":61},"end":{"line":33,"column":86}},{"start":{"line":33,"column":90},"end":{"line":33,"column":114}}]},"7":{"loc":{"start":{"line":39,"column":6},"end":{"line":53,"column":7}},"type":"if","locations":[{"start":{"line":39,"column":6},"end":{"line":53,"column":7}},{"start":{},"end":{}}]},"8":{"loc":{"start":{"line":43,"column":8},"end":{"line":47,"column":9}},"type":"if","locations":[{"start":{"line":43,"column":8},"end":{"line":47,"column":9}},{"start":{},"end":{}}]},"9":{"loc":{"start":{"line":45,"column":30},"end":{"line":45,"column":172}},"type":"cond-expr","locations":[{"start":{"line":45,"column":35},"end":{"line":45,"column":106}},{"start":{"line":45,"column":109},"end":{"line":45,"column":172}}]},"10":{"loc":{"start":{"line":48,"column":8},"end":{"line":52,"column":9}},"type":"if","locations":[{"start":{"line":48,"column":8},"end":{"line":52,"column":9}},{"start":{},"end":{}}]},"11":{"loc":{"start":{"line":50,"column":30},"end":{"line":50,"column":170}},"type":"cond-expr","locations":[{"start":{"line":50,"column":35},"end":{"line":50,"column":104}},{"start":{"line":50,"column":107},"end":{"line":50,"column":170}}]},"12":{"loc":{"start":{"line":56,"column":6},"end":{"line":60,"column":7}},"type":"if","locations":[{"start":{"line":56,"column":6},"end":{"line":60,"column":7}},{"start":{},"end":{}}]},"13":{"loc":{"start":{"line":56,"column":10},"end":{"line":56,"column":77}},"type":"binary-expr","locations":[{"start":{"line":56,"column":10},"end":{"line":56,"column":49}},{"start":{"line":56,"column":53},"end":{"line":56,"column":77}}]},"14":{"loc":{"start":{"line":63,"column":6},"end":{"line":66,"column":7}},"type":"if","locations":[{"start":{"line":63,"column":6},"end":{"line":66,"column":7}},{"start":{},"end":{}}]},"15":{"loc":{"start":{"line":70,"column":8},"end":{"line":85,"column":29}},"type":"binary-expr","locations":[{"start":{"line":70,"column":8},"end":{"line":70,"column":26}},{"start":{"line":71,"column":8},"end":{"line":71,"column":27}},{"start":{"line":72,"column":8},"end":{"line":72,"column":27}},{"start":{"line":73,"column":8},"end":{"line":73,"column":28}},{"start":{"line":74,"column":8},"end":{"line":74,"column":30}},{"start":{"line":75,"column":8},"end":{"line":75,"column":30}},{"start":{"line":76,"column":8},"end":{"line":76,"column":31}},{"start":{"line":77,"column":8},"end":{"line":77,"column":33}},{"start":{"line":78,"column":8},"end":{"line":78,"column":33}},{"start":{"line":79,"column":8},"end":{"line":79,"column":28}},{"start":{"line":80,"column":8},"end":{"line":80,"column":27}},{"start":{"line":81,"column":8},"end":{"line":81,"column":28}},{"start":{"line":82,"column":8},"end":{"line":82,"column":29}},{"start":{"line":83,"column":8},"end":{"line":83,"column":27}},{"start":{"line":84,"column":8},"end":{"line":84,"column":26}},{"start":{"line":85,"column":8},"end":{"line":85,"column":29}}]},"16":{"loc":{"start":{"line":86,"column":6},"end":{"line":89,"column":7}},"type":"if","locations":[{"start":{"line":86,"column":6},"end":{"line":89,"column":7}},{"start":{},"end":{}}]},"17":{"loc":{"start":{"line":91,"column":6},"end":{"line":94,"column":7}},"type":"if","locations":[{"start":{"line":91,"column":6},"end":{"line":94,"column":7}},{"start":{},"end":{}}]},"18":{"loc":{"start":{"line":96,"column":6},"end":{"line":99,"column":7}},"type":"if","locations":[{"start":{"line":96,"column":6},"end":{"line":99,"column":7}},{"start":{},"end":{}}]},"19":{"loc":{"start":{"line":101,"column":6},"end":{"line":104,"column":7}},"type":"if","locations":[{"start":{"line":101,"column":6},"end":{"line":104,"column":7}},{"start":{},"end":{}}]},"20":{"loc":{"start":{"line":106,"column":6},"end":{"line":109,"column":7}},"type":"if","locations":[{"start":{"line":106,"column":6},"end":{"line":109,"column":7}},{"start":{},"end":{}}]},"21":{"loc":{"start":{"line":111,"column":6},"end":{"line":114,"column":7}},"type":"if","locations":[{"start":{"line":111,"column":6},"end":{"line":114,"column":7}},{"start":{},"end":{}}]},"22":{"loc":{"start":{"line":116,"column":6},"end":{"line":122,"column":7}},"type":"if","locations":[{"start":{"line":116,"column":6},"end":{"line":122,"column":7}},{"start":{},"end":{}}]},"23":{"loc":{"start":{"line":137,"column":4},"end":{"line":225,"column":5}},"type":"switch","locations":[{"start":{"line":138,"column":6},"end":{"line":152,"column":7}},{"start":{"line":153,"column":6},"end":{"line":156,"column":14}},{"start":{"line":157,"column":6},"end":{"line":162,"column":7}},{"start":{"line":163,"column":6},"end":{"line":174,"column":7}},{"start":{"line":175,"column":6},"end":{"line":188,"column":7}},{"start":{"line":189,"column":6},"end":{"line":202,"column":7}},{"start":{"line":203,"column":6},"end":{"line":224,"column":7}}]},"24":{"loc":{"start":{"line":139,"column":23},"end":{"line":139,"column":112}},"type":"binary-expr","locations":[{"start":{"line":139,"column":23},"end":{"line":139,"column":42}},{"start":{"line":139,"column":46},"end":{"line":139,"column":63}},{"start":{"line":139,"column":67},"end":{"line":139,"column":84}},{"start":{"line":139,"column":88},"end":{"line":139,"column":112}}]},"25":{"loc":{"start":{"line":140,"column":24},"end":{"line":140,"column":108}},"type":"binary-expr","locations":[{"start":{"line":140,"column":24},"end":{"line":140,"column":43}},{"start":{"line":140,"column":47},"end":{"line":140,"column":66}},{"start":{"line":140,"column":70},"end":{"line":140,"column":87}},{"start":{"line":140,"column":91},"end":{"line":140,"column":108}}]},"26":{"loc":{"start":{"line":141,"column":8},"end":{"line":150,"column":9}},"type":"if","locations":[{"start":{"line":141,"column":8},"end":{"line":150,"column":9}},{"start":{"line":143,"column":15},"end":{"line":150,"column":9}}]},"27":{"loc":{"start":{"line":141,"column":12},"end":{"line":141,"column":74}},"type":"binary-expr","locations":[{"start":{"line":141,"column":12},"end":{"line":141,"column":18}},{"start":{"line":141,"column":22},"end":{"line":141,"column":74}}]},"28":{"loc":{"start":{"line":143,"column":15},"end":{"line":150,"column":9}},"type":"if","locations":[{"start":{"line":143,"column":15},"end":{"line":150,"column":9}},{"start":{"line":146,"column":15},"end":{"line":150,"column":9}}]},"29":{"loc":{"start":{"line":165,"column":8},"end":{"line":172,"column":9}},"type":"if","locations":[{"start":{"line":165,"column":8},"end":{"line":172,"column":9}},{"start":{"line":168,"column":15},"end":{"line":172,"column":9}}]},"30":{"loc":{"start":{"line":177,"column":8},"end":{"line":180,"column":9}},"type":"if","locations":[{"start":{"line":177,"column":8},"end":{"line":180,"column":9}},{"start":{},"end":{}}]},"31":{"loc":{"start":{"line":177,"column":12},"end":{"line":177,"column":46}},"type":"binary-expr","locations":[{"start":{"line":177,"column":12},"end":{"line":177,"column":32}},{"start":{"line":177,"column":36},"end":{"line":177,"column":46}}]},"32":{"loc":{"start":{"line":182,"column":8},"end":{"line":186,"column":9}},"type":"if","locations":[{"start":{"line":182,"column":8},"end":{"line":186,"column":9}},{"start":{"line":184,"column":15},"end":{"line":186,"column":9}}]},"33":{"loc":{"start":{"line":191,"column":8},"end":{"line":194,"column":9}},"type":"if","locations":[{"start":{"line":191,"column":8},"end":{"line":194,"column":9}},{"start":{},"end":{}}]},"34":{"loc":{"start":{"line":191,"column":12},"end":{"line":191,"column":40}},"type":"binary-expr","locations":[{"start":{"line":191,"column":12},"end":{"line":191,"column":29}},{"start":{"line":191,"column":33},"end":{"line":191,"column":40}}]},"35":{"loc":{"start":{"line":195,"column":8},"end":{"line":200,"column":9}},"type":"if","locations":[{"start":{"line":195,"column":8},"end":{"line":200,"column":9}},{"start":{"line":198,"column":15},"end":{"line":200,"column":9}}]},"36":{"loc":{"start":{"line":204,"column":23},"end":{"line":204,"column":73}},"type":"binary-expr","locations":[{"start":{"line":204,"column":23},"end":{"line":204,"column":35}},{"start":{"line":204,"column":39},"end":{"line":204,"column":73}}]},"37":{"loc":{"start":{"line":205,"column":25},"end":{"line":205,"column":65}},"type":"binary-expr","locations":[{"start":{"line":205,"column":25},"end":{"line":205,"column":37}},{"start":{"line":205,"column":41},"end":{"line":205,"column":65}}]},"38":{"loc":{"start":{"line":206,"column":8},"end":{"line":222,"column":9}},"type":"if","locations":[{"start":{"line":206,"column":8},"end":{"line":222,"column":9}},{"start":{"line":214,"column":15},"end":{"line":222,"column":9}}]},"39":{"loc":{"start":{"line":208,"column":10},"end":{"line":213,"column":11}},"type":"if","locations":[{"start":{"line":208,"column":10},"end":{"line":213,"column":11}},{"start":{"line":211,"column":17},"end":{"line":213,"column":11}}]},"40":{"loc":{"start":{"line":214,"column":15},"end":{"line":222,"column":9}},"type":"if","locations":[{"start":{"line":214,"column":15},"end":{"line":222,"column":9}},{"start":{"line":217,"column":15},"end":{"line":222,"column":9}}]},"41":{"loc":{"start":{"line":246,"column":4},"end":{"line":257,"column":5}},"type":"if","locations":[{"start":{"line":246,"column":4},"end":{"line":257,"column":5}},{"start":{"line":248,"column":11},"end":{"line":257,"column":5}}]},"42":{"loc":{"start":{"line":251,"column":22},"end":{"line":251,"column":116}},"type":"binary-expr","locations":[{"start":{"line":251,"column":22},"end":{"line":251,"column":109}},{"start":{"line":251,"column":113},"end":{"line":251,"column":116}}]},"43":{"loc":{"start":{"line":251,"column":23},"end":{"line":251,"column":52}},"type":"binary-expr","locations":[{"start":{"line":251,"column":23},"end":{"line":251,"column":38}},{"start":{"line":251,"column":42},"end":{"line":251,"column":52}}]},"44":{"loc":{"start":{"line":251,"column":54},"end":{"line":251,"column":81}},"type":"binary-expr","locations":[{"start":{"line":251,"column":54},"end":{"line":251,"column":69}},{"start":{"line":251,"column":73},"end":{"line":251,"column":81}}]}},"s":{"0":2,"1":2,"2":2,"3":2,"4":4,"5":4,"6":0,"7":0,"8":4,"9":4,"10":3,"11":3,"12":3,"13":3,"14":3,"15":1,"16":2,"17":2,"18":0,"19":0,"20":2,"21":0,"22":0,"23":0,"24":0,"25":0,"26":0,"27":0,"28":0,"29":0,"30":0,"31":0,"32":2,"33":0,"34":0,"35":0,"36":2,"37":0,"38":0,"39":2,"40":2,"41":1,"42":1,"43":1,"44":1,"45":1,"46":0,"47":0,"48":0,"49":0,"50":0,"51":0,"52":0,"53":0,"54":0,"55":0,"56":0,"57":0,"58":0,"59":0,"60":0,"61":0,"62":0,"63":0,"64":0,"65":0,"66":0,"67":0,"68":0,"69":0,"70":0,"71":0,"72":0,"73":0,"74":0,"75":0,"76":0,"77":0,"78":0,"79":0,"80":0,"81":0,"82":0,"83":0,"84":0,"85":0,"86":0,"87":0,"88":0,"89":0,"90":0,"91":0,"92":0,"93":0,"94":0,"95":0,"96":0,"97":0,"98":0,"99":0,"100":0,"101":0,"102":0,"103":0,"104":0,"105":0,"106":0,"107":0,"108":0,"109":0,"110":0,"111":0,"112":0,"113":0,"114":0,"115":0,"116":0,"117":0,"118":0,"119":0,"120":0,"121":0,"122":0,"123":0,"124":0,"125":0,"126":0,"127":0,"128":0,"129":0,"130":0,"131":0,"132":0,"133":0,"134":0,"135":0,"136":0,"137":0,"138":0,"139":0,"140":0,"141":0,"142":0,"143":0,"144":0,"145":2},"f":{"0":4,"1":4,"2":3,"3":0,"4":0,"5":0},"b":{"0":[2,2],"1":[4,0],"2":[0,0],"3":[3,1],"4":[1,2],"5":[0,2],"6":[2,0,0,0],"7":[0,2],"8":[0,0],"9":[0,0],"10":[0,0],"11":[0,0],"12":[0,2],"13":[2,0],"14":[0,2],"15":[2,2,2,2,1,1,1,1,1,1,1,1,1,1,1,1],"16":[1,1],"17":[1,0],"18":[0,0],"19":[0,0],"20":[0,0],"21":[0,0],"22":[0,0],"23":[0,0,0,0,0,0,0],"24":[0,0,0,0],"25":[0,0,0,0],"26":[0,0],"27":[0,0],"28":[0,0],"29":[0,0],"30":[0,0],"31":[0,0],"32":[0,0],"33":[0,0],"34":[0,0],"35":[0,0],"36":[0,0],"37":[0,0],"38":[0,0],"39":[0,0],"40":[0,0],"41":[0,0],"42":[0,0],"43":[0,0],"44":[0,0]}}
,"C:\\Users\\rafael\\Desktop\\New folder\\abp_6\\src\\services\\AgendamentoService.ts": {"path":"C:\\Users\\rafael\\Desktop\\New folder\\abp_6\\src\\services\\AgendamentoService.ts","statementMap":{"0":{"start":{"line":2,"column":0},"end":{"line":2,"column":54}},"1":{"start":{"line":4,"column":14},"end":{"line":4,"column":36}},"2":{"start":{"line":7,"column":25},"end":{"line":7,"column":66}},"3":{"start":{"line":10,"column":2},"end":{"line":10,"column":30}},"4":{"start":{"line":14,"column":51},"end":{"line":17,"column":2}},"5":{"start":{"line":18,"column":23},"end":{"line":18,"column":25}},"6":{"start":{"line":19,"column":27},"end":{"line":19,"column":29}},"7":{"start":{"line":21,"column":26},"end":{"line":21,"column":27}},"8":{"start":{"line":24,"column":29},"end":{"line":24,"column":34}},"9":{"start":{"line":27,"column":4},"end":{"line":31,"column":61}},"10":{"start":{"line":36,"column":4},"end":{"line":53,"column":20}},"11":{"start":{"line":57,"column":4},"end":{"line":57,"column":86}},"12":{"start":{"line":61,"column":4},"end":{"line":61,"column":52}},"13":{"start":{"line":65,"column":4},"end":{"line":65,"column":91}},"14":{"start":{"line":70,"column":4},"end":{"line":70,"column":80}},"15":{"start":{"line":75,"column":16},"end":{"line":75,"column":26}},"16":{"start":{"line":76,"column":17},"end":{"line":76,"column":84}},"17":{"start":{"line":77,"column":60},"end":{"line":77,"column":62}},"18":{"start":{"line":78,"column":4},"end":{"line":89,"column":5}},"19":{"start":{"line":78,"column":17},"end":{"line":78,"column":18}},"20":{"start":{"line":79,"column":18},"end":{"line":79,"column":32}},"21":{"start":{"line":80,"column":6},"end":{"line":80,"column":37}},"22":{"start":{"line":81,"column":18},"end":{"line":81,"column":30}},"23":{"start":{"line":82,"column":6},"end":{"line":82,"column":43}},"24":{"start":{"line":82,"column":34},"end":{"line":82,"column":43}},"25":{"start":{"line":83,"column":22},"end":{"line":83,"column":138}},"26":{"start":{"line":84,"column":23},"end":{"line":84,"column":58}},"27":{"start":{"line":85,"column":6},"end":{"line":88,"column":7}},"28":{"start":{"line":86,"column":22},"end":{"line":86,"column":125}},"29":{"start":{"line":87,"column":8},"end":{"line":87,"column":43}},"30":{"start":{"line":90,"column":4},"end":{"line":90,"column":21}},"31":{"start":{"line":95,"column":22},"end":{"line":95,"column":52}},"32":{"start":{"line":96,"column":16},"end":{"line":96,"column":46}},"33":{"start":{"line":97,"column":16},"end":{"line":97,"column":26}},"34":{"start":{"line":98,"column":24},"end":{"line":99,"column":null}},"35":{"start":{"line":101,"column":61},"end":{"line":101,"column":63}},"36":{"start":{"line":102,"column":17},"end":{"line":102,"column":145}},"37":{"start":{"line":103,"column":4},"end":{"line":113,"column":5}},"38":{"start":{"line":104,"column":24},"end":{"line":104,"column":37}},"39":{"start":{"line":105,"column":6},"end":{"line":105,"column":37}},"40":{"start":{"line":106,"column":6},"end":{"line":106,"column":45}},"41":{"start":{"line":106,"column":36},"end":{"line":106,"column":45}},"42":{"start":{"line":107,"column":18},"end":{"line":107,"column":41}},"43":{"start":{"line":108,"column":6},"end":{"line":108,"column":41}},"44":{"start":{"line":108,"column":32},"end":{"line":108,"column":41}},"45":{"start":{"line":109,"column":6},"end":{"line":112,"column":9}},"46":{"start":{"line":114,"column":4},"end":{"line":114,"column":21}},"47":{"start":{"line":119,"column":16},"end":{"line":119,"column":26}},"48":{"start":{"line":120,"column":17},"end":{"line":120,"column":84}},"49":{"start":{"line":121,"column":15},"end":{"line":121,"column":29}},"50":{"start":{"line":122,"column":4},"end":{"line":122,"column":46}},"51":{"start":{"line":123,"column":24},"end":{"line":124,"column":null}},"52":{"start":{"line":126,"column":61},"end":{"line":126,"column":63}},"53":{"start":{"line":128,"column":4},"end":{"line":144,"column":5}},"54":{"start":{"line":128,"column":17},"end":{"line":128,"column":18}},"55":{"start":{"line":129,"column":18},"end":{"line":129,"column":32}},"56":{"start":{"line":130,"column":6},"end":{"line":130,"column":37}},"57":{"start":{"line":131,"column":18},"end":{"line":131,"column":30}},"58":{"start":{"line":132,"column":6},"end":{"line":132,"column":43}},"59":{"start":{"line":132,"column":34},"end":{"line":132,"column":43}},"60":{"start":{"line":133,"column":19},"end":{"line":133,"column":26}},"61":{"start":{"line":134,"column":6},"end":{"line":143,"column":7}},"62":{"start":{"line":135,"column":26},"end":{"line":135,"column":39}},"63":{"start":{"line":136,"column":8},"end":{"line":136,"column":39}},"64":{"start":{"line":137,"column":8},"end":{"line":137,"column":47}},"65":{"start":{"line":137,"column":38},"end":{"line":137,"column":47}},"66":{"start":{"line":138,"column":20},"end":{"line":138,"column":43}},"67":{"start":{"line":139,"column":8},"end":{"line":139,"column":43}},"68":{"start":{"line":139,"column":34},"end":{"line":139,"column":43}},"69":{"start":{"line":140,"column":22},"end":{"line":140,"column":203}},"70":{"start":{"line":141,"column":8},"end":{"line":141,"column":49}},"71":{"start":{"line":142,"column":8},"end":{"line":142,"column":58}},"72":{"start":{"line":142,"column":52},"end":{"line":142,"column":58}},"73":{"start":{"line":145,"column":4},"end":{"line":145,"column":21}},"74":{"start":{"line":149,"column":4},"end":{"line":151,"column":5}},"75":{"start":{"line":150,"column":6},"end":{"line":150,"column":126}},"76":{"start":{"line":152,"column":14},"end":{"line":152,"column":57}},"77":{"start":{"line":153,"column":4},"end":{"line":155,"column":7}},"78":{"start":{"line":154,"column":6},"end":{"line":154,"column":38}},"79":{"start":{"line":156,"column":4},"end":{"line":156,"column":64}},"80":{"start":{"line":157,"column":4},"end":{"line":157,"column":15}},"81":{"start":{"line":161,"column":4},"end":{"line":163,"column":5}},"82":{"start":{"line":162,"column":6},"end":{"line":162,"column":88}},"83":{"start":{"line":164,"column":14},"end":{"line":164,"column":43}},"84":{"start":{"line":165,"column":4},"end":{"line":165,"column":45}},"85":{"start":{"line":165,"column":18},"end":{"line":165,"column":45}},"86":{"start":{"line":166,"column":4},"end":{"line":168,"column":7}},"87":{"start":{"line":167,"column":6},"end":{"line":167,"column":38}},"88":{"start":{"line":169,"column":4},"end":{"line":169,"column":68}},"89":{"start":{"line":170,"column":4},"end":{"line":170,"column":15}},"90":{"start":{"line":174,"column":4},"end":{"line":176,"column":5}},"91":{"start":{"line":175,"column":6},"end":{"line":175,"column":125}},"92":{"start":{"line":177,"column":14},"end":{"line":177,"column":47}},"93":{"start":{"line":178,"column":4},"end":{"line":180,"column":7}},"94":{"start":{"line":179,"column":6},"end":{"line":179,"column":38}},"95":{"start":{"line":181,"column":4},"end":{"line":181,"column":62}},"96":{"start":{"line":182,"column":4},"end":{"line":182,"column":15}},"97":{"start":{"line":186,"column":4},"end":{"line":195,"column":20}},"98":{"start":{"line":199,"column":14},"end":{"line":199,"column":51}},"99":{"start":{"line":200,"column":4},"end":{"line":204,"column":5}},"100":{"start":{"line":201,"column":6},"end":{"line":203,"column":43}},"101":{"start":{"line":205,"column":4},"end":{"line":209,"column":5}},"102":{"start":{"line":206,"column":6},"end":{"line":208,"column":19}},"103":{"start":{"line":210,"column":4},"end":{"line":214,"column":5}},"104":{"start":{"line":211,"column":6},"end":{"line":213,"column":30}},"105":{"start":{"line":215,"column":4},"end":{"line":217,"column":35}},"106":{"start":{"line":218,"column":4},"end":{"line":218,"column":15}},"107":{"start":{"line":223,"column":4},"end":{"line":223,"column":82}},"108":{"start":{"line":228,"column":16},"end":{"line":228,"column":44}},"109":{"start":{"line":229,"column":4},"end":{"line":232,"column":5}},"110":{"start":{"line":230,"column":6},"end":{"line":230,"column":35}},"111":{"start":{"line":231,"column":6},"end":{"line":231,"column":19}},"112":{"start":{"line":233,"column":14},"end":{"line":233,"column":39}},"113":{"start":{"line":234,"column":4},"end":{"line":234,"column":55}},"114":{"start":{"line":234,"column":42},"end":{"line":234,"column":55}},"115":{"start":{"line":235,"column":4},"end":{"line":235,"column":20}},"116":{"start":{"line":236,"column":4},"end":{"line":236,"column":33}},"117":{"start":{"line":237,"column":4},"end":{"line":237,"column":16}},"118":{"start":{"line":242,"column":4},"end":{"line":242,"column":62}},"119":{"start":{"line":246,"column":4},"end":{"line":246,"column":62}},"120":{"start":{"line":250,"column":16},"end":{"line":250,"column":44}},"121":{"start":{"line":251,"column":14},"end":{"line":251,"column":59}},"122":{"start":{"line":252,"column":4},"end":{"line":252,"column":25}},"123":{"start":{"line":253,"column":4},"end":{"line":253,"column":22}},"124":{"start":{"line":254,"column":4},"end":{"line":254,"column":33}},"125":{"start":{"line":258,"column":16},"end":{"line":258,"column":44}},"126":{"start":{"line":259,"column":14},"end":{"line":259,"column":40}},"127":{"start":{"line":260,"column":4},"end":{"line":260,"column":29}},"128":{"start":{"line":261,"column":4},"end":{"line":261,"column":20}},"129":{"start":{"line":262,"column":4},"end":{"line":262,"column":33}},"130":{"start":{"line":266,"column":16},"end":{"line":266,"column":44}},"131":{"start":{"line":267,"column":14},"end":{"line":267,"column":40}},"132":{"start":{"line":268,"column":4},"end":{"line":268,"column":34}},"133":{"start":{"line":269,"column":4},"end":{"line":269,"column":25}},"134":{"start":{"line":270,"column":4},"end":{"line":270,"column":33}},"135":{"start":{"line":275,"column":16},"end":{"line":275,"column":44}},"136":{"start":{"line":276,"column":14},"end":{"line":276,"column":40}},"137":{"start":{"line":277,"column":17},"end":{"line":277,"column":47}},"138":{"start":{"line":278,"column":4},"end":{"line":278,"column":29}},"139":{"start":{"line":279,"column":4},"end":{"line":279,"column":55}},"140":{"start":{"line":280,"column":4},"end":{"line":280,"column":33}},"141":{"start":{"line":281,"column":4},"end":{"line":281,"column":16}},"142":{"start":{"line":286,"column":16},"end":{"line":286,"column":44}},"143":{"start":{"line":287,"column":14},"end":{"line":287,"column":39}},"144":{"start":{"line":288,"column":4},"end":{"line":288,"column":83}},"145":{"start":{"line":288,"column":71},"end":{"line":288,"column":83}},"146":{"start":{"line":289,"column":16},"end":{"line":289,"column":26}},"147":{"start":{"line":290,"column":4},"end":{"line":290,"column":64}},"148":{"start":{"line":290,"column":52},"end":{"line":290,"column":64}},"149":{"start":{"line":291,"column":16},"end":{"line":291,"column":38}},"150":{"start":{"line":292,"column":4},"end":{"line":292,"column":33}},"151":{"start":{"line":293,"column":4},"end":{"line":293,"column":34}},"152":{"start":{"line":294,"column":18},"end":{"line":294,"column":57}},"153":{"start":{"line":295,"column":4},"end":{"line":295,"column":31}},"154":{"start":{"line":296,"column":4},"end":{"line":296,"column":29}},"155":{"start":{"line":297,"column":4},"end":{"line":297,"column":33}},"156":{"start":{"line":298,"column":4},"end":{"line":298,"column":42}},"157":{"start":{"line":303,"column":16},"end":{"line":303,"column":44}},"158":{"start":{"line":304,"column":14},"end":{"line":304,"column":40}},"159":{"start":{"line":305,"column":18},"end":{"line":305,"column":47}},"160":{"start":{"line":306,"column":4},"end":{"line":306,"column":31}},"161":{"start":{"line":307,"column":4},"end":{"line":309,"column":5}},"162":{"start":{"line":308,"column":6},"end":{"line":308,"column":31}},"163":{"start":{"line":310,"column":4},"end":{"line":310,"column":33}},"164":{"start":{"line":311,"column":4},"end":{"line":311,"column":17}},"165":{"start":{"line":316,"column":16},"end":{"line":316,"column":44}},"166":{"start":{"line":317,"column":14},"end":{"line":317,"column":39}},"167":{"start":{"line":318,"column":4},"end":{"line":318,"column":86}},"168":{"start":{"line":318,"column":73},"end":{"line":318,"column":86}},"169":{"start":{"line":319,"column":16},"end":{"line":319,"column":26}},"170":{"start":{"line":320,"column":4},"end":{"line":320,"column":66}},"171":{"start":{"line":320,"column":53},"end":{"line":320,"column":66}},"172":{"start":{"line":321,"column":17},"end":{"line":321,"column":40}},"173":{"start":{"line":322,"column":4},"end":{"line":322,"column":33}},"174":{"start":{"line":323,"column":4},"end":{"line":330,"column":5}},"175":{"start":{"line":324,"column":24},"end":{"line":324,"column":61}},"176":{"start":{"line":325,"column":22},"end":{"line":325,"column":126}},"177":{"start":{"line":326,"column":6},"end":{"line":326,"column":54}},"178":{"start":{"line":327,"column":6},"end":{"line":327,"column":33}},"179":{"start":{"line":329,"column":6},"end":{"line":329,"column":35}},"180":{"start":{"line":331,"column":4},"end":{"line":331,"column":35}},"181":{"start":{"line":332,"column":4},"end":{"line":332,"column":25}},"182":{"start":{"line":333,"column":4},"end":{"line":333,"column":33}},"183":{"start":{"line":334,"column":4},"end":{"line":334,"column":16}},"184":{"start":{"line":338,"column":4},"end":{"line":338,"column":58}},"185":{"start":{"line":343,"column":16},"end":{"line":343,"column":44}},"186":{"start":{"line":344,"column":14},"end":{"line":344,"column":39}},"187":{"start":{"line":345,"column":4},"end":{"line":347,"column":5}},"188":{"start":{"line":346,"column":6},"end":{"line":346,"column":98}},"189":{"start":{"line":348,"column":15},"end":{"line":355,"column":6}},"190":{"start":{"line":356,"column":4},"end":{"line":356,"column":33}},"191":{"start":{"line":357,"column":4},"end":{"line":357,"column":28}},"192":{"start":{"line":361,"column":4},"end":{"line":361,"column":33}},"193":{"start":{"line":23,"column":0},"end":{"line":23,"column":13}}},"fnMap":{"0":{"name":"normalizarTelefone","decl":{"start":{"line":9,"column":9},"end":{"line":9,"column":27}},"loc":{"start":{"line":9,"column":37},"end":{"line":11,"column":1}}},"1":{"name":"(anonymous_1)","decl":{"start":{"line":26,"column":2},"end":{"line":26,"column":16}},"loc":{"start":{"line":26,"column":16},"end":{"line":32,"column":3}}},"2":{"name":"(anonymous_2)","decl":{"start":{"line":35,"column":2},"end":{"line":35,"column":23}},"loc":{"start":{"line":35,"column":23},"end":{"line":54,"column":3}}},"3":{"name":"(anonymous_3)","decl":{"start":{"line":56,"column":2},"end":{"line":56,"column":31}},"loc":{"start":{"line":56,"column":31},"end":{"line":58,"column":3}}},"4":{"name":"(anonymous_4)","decl":{"start":{"line":60,"column":2},"end":{"line":60,"column":17}},"loc":{"start":{"line":60,"column":17},"end":{"line":62,"column":3}}},"5":{"name":"(anonymous_5)","decl":{"start":{"line":64,"column":2},"end":{"line":64,"column":19}},"loc":{"start":{"line":64,"column":19},"end":{"line":66,"column":3}}},"6":{"name":"(anonymous_6)","decl":{"start":{"line":69,"column":2},"end":{"line":69,"column":17}},"loc":{"start":{"line":69,"column":17},"end":{"line":71,"column":3}}},"7":{"name":"(anonymous_7)","decl":{"start":{"line":74,"column":2},"end":{"line":74,"column":25}},"loc":{"start":{"line":74,"column":25},"end":{"line":91,"column":3}}},"8":{"name":"(anonymous_8)","decl":{"start":{"line":94,"column":2},"end":{"line":94,"column":23}},"loc":{"start":{"line":94,"column":39},"end":{"line":115,"column":3}}},"9":{"name":"(anonymous_9)","decl":{"start":{"line":118,"column":2},"end":{"line":118,"column":24}},"loc":{"start":{"line":118,"column":24},"end":{"line":146,"column":3}}},"10":{"name":"(anonymous_10)","decl":{"start":{"line":148,"column":2},"end":{"line":148,"column":18}},"loc":{"start":{"line":148,"column":61},"end":{"line":158,"column":3}}},"11":{"name":"(anonymous_11)","decl":{"start":{"line":153,"column":17},"end":{"line":153,"column":18}},"loc":{"start":{"line":153,"column":26},"end":{"line":155,"column":5}}},"12":{"name":"(anonymous_12)","decl":{"start":{"line":160,"column":2},"end":{"line":160,"column":19}},"loc":{"start":{"line":160,"column":83},"end":{"line":171,"column":3}}},"13":{"name":"(anonymous_13)","decl":{"start":{"line":166,"column":18},"end":{"line":166,"column":19}},"loc":{"start":{"line":166,"column":27},"end":{"line":168,"column":5}}},"14":{"name":"(anonymous_14)","decl":{"start":{"line":173,"column":2},"end":{"line":173,"column":25}},"loc":{"start":{"line":173,"column":70},"end":{"line":183,"column":3}}},"15":{"name":"(anonymous_15)","decl":{"start":{"line":178,"column":18},"end":{"line":178,"column":19}},"loc":{"start":{"line":178,"column":27},"end":{"line":180,"column":5}}},"16":{"name":"(anonymous_16)","decl":{"start":{"line":185,"column":2},"end":{"line":185,"column":16}},"loc":{"start":{"line":185,"column":47},"end":{"line":196,"column":3}}},"17":{"name":"(anonymous_17)","decl":{"start":{"line":198,"column":2},"end":{"line":198,"column":12}},"loc":{"start":{"line":198,"column":84},"end":{"line":219,"column":3}}},"18":{"name":"(anonymous_18)","decl":{"start":{"line":222,"column":2},"end":{"line":222,"column":14}},"loc":{"start":{"line":222,"column":31},"end":{"line":224,"column":3}}},"19":{"name":"(anonymous_19)","decl":{"start":{"line":227,"column":2},"end":{"line":227,"column":18}},"loc":{"start":{"line":227,"column":52},"end":{"line":238,"column":3}}},"20":{"name":"(anonymous_20)","decl":{"start":{"line":241,"column":2},"end":{"line":241,"column":11}},"loc":{"start":{"line":241,"column":28},"end":{"line":243,"column":3}}},"21":{"name":"(anonymous_21)","decl":{"start":{"line":245,"column":2},"end":{"line":245,"column":11}},"loc":{"start":{"line":245,"column":28},"end":{"line":247,"column":3}}},"22":{"name":"(anonymous_22)","decl":{"start":{"line":249,"column":2},"end":{"line":249,"column":9}},"loc":{"start":{"line":249,"column":40},"end":{"line":255,"column":3}}},"23":{"name":"(anonymous_23)","decl":{"start":{"line":257,"column":2},"end":{"line":257,"column":11}},"loc":{"start":{"line":257,"column":44},"end":{"line":263,"column":3}}},"24":{"name":"(anonymous_24)","decl":{"start":{"line":265,"column":2},"end":{"line":265,"column":9}},"loc":{"start":{"line":265,"column":40},"end":{"line":271,"column":3}}},"25":{"name":"(anonymous_25)","decl":{"start":{"line":274,"column":2},"end":{"line":274,"column":20}},"loc":{"start":{"line":274,"column":37},"end":{"line":282,"column":3}}},"26":{"name":"(anonymous_26)","decl":{"start":{"line":285,"column":2},"end":{"line":285,"column":17}},"loc":{"start":{"line":285,"column":50},"end":{"line":299,"column":3}}},"27":{"name":"(anonymous_27)","decl":{"start":{"line":302,"column":2},"end":{"line":302,"column":21}},"loc":{"start":{"line":302,"column":38},"end":{"line":312,"column":3}}},"28":{"name":"(anonymous_28)","decl":{"start":{"line":315,"column":2},"end":{"line":315,"column":18}},"loc":{"start":{"line":315,"column":51},"end":{"line":335,"column":3}}},"29":{"name":"(anonymous_29)","decl":{"start":{"line":337,"column":2},"end":{"line":337,"column":15}},"loc":{"start":{"line":337,"column":32},"end":{"line":339,"column":3}}},"30":{"name":"(anonymous_30)","decl":{"start":{"line":342,"column":2},"end":{"line":342,"column":18}},"loc":{"start":{"line":342,"column":35},"end":{"line":358,"column":3}}},"31":{"name":"(anonymous_31)","decl":{"start":{"line":360,"column":2},"end":{"line":360,"column":10}},"loc":{"start":{"line":360,"column":10},"end":{"line":362,"column":3}}}},"branchMap":{"0":{"loc":{"start":{"line":78,"column":20},"end":{"line":78,"column":78}},"type":"binary-expr","locations":[{"start":{"line":78,"column":20},"end":{"line":78,"column":38}},{"start":{"line":78,"column":42},"end":{"line":78,"column":78}}]},"1":{"loc":{"start":{"line":82,"column":6},"end":{"line":82,"column":43}},"type":"if","locations":[{"start":{"line":82,"column":6},"end":{"line":82,"column":43}},{"start":{},"end":{}}]},"2":{"loc":{"start":{"line":82,"column":10},"end":{"line":82,"column":32}},"type":"binary-expr","locations":[{"start":{"line":82,"column":10},"end":{"line":82,"column":19}},{"start":{"line":82,"column":23},"end":{"line":82,"column":32}}]},"3":{"loc":{"start":{"line":85,"column":6},"end":{"line":88,"column":7}},"type":"if","locations":[{"start":{"line":85,"column":6},"end":{"line":88,"column":7}},{"start":{},"end":{}}]},"4":{"loc":{"start":{"line":106,"column":6},"end":{"line":106,"column":45}},"type":"if","locations":[{"start":{"line":106,"column":6},"end":{"line":106,"column":45}},{"start":{},"end":{}}]},"5":{"loc":{"start":{"line":106,"column":10},"end":{"line":106,"column":34}},"type":"binary-expr","locations":[{"start":{"line":106,"column":10},"end":{"line":106,"column":14}},{"start":{"line":106,"column":18},"end":{"line":106,"column":34}}]},"6":{"loc":{"start":{"line":108,"column":6},"end":{"line":108,"column":41}},"type":"if","locations":[{"start":{"line":108,"column":6},"end":{"line":108,"column":41}},{"start":{},"end":{}}]},"7":{"loc":{"start":{"line":128,"column":20},"end":{"line":128,"column":79}},"type":"binary-expr","locations":[{"start":{"line":128,"column":20},"end":{"line":128,"column":38}},{"start":{"line":128,"column":42},"end":{"line":128,"column":79}}]},"8":{"loc":{"start":{"line":132,"column":6},"end":{"line":132,"column":43}},"type":"if","locations":[{"start":{"line":132,"column":6},"end":{"line":132,"column":43}},{"start":{},"end":{}}]},"9":{"loc":{"start":{"line":132,"column":10},"end":{"line":132,"column":32}},"type":"binary-expr","locations":[{"start":{"line":132,"column":10},"end":{"line":132,"column":19}},{"start":{"line":132,"column":23},"end":{"line":132,"column":32}}]},"10":{"loc":{"start":{"line":137,"column":8},"end":{"line":137,"column":47}},"type":"if","locations":[{"start":{"line":137,"column":8},"end":{"line":137,"column":47}},{"start":{},"end":{}}]},"11":{"loc":{"start":{"line":137,"column":12},"end":{"line":137,"column":36}},"type":"binary-expr","locations":[{"start":{"line":137,"column":12},"end":{"line":137,"column":16}},{"start":{"line":137,"column":20},"end":{"line":137,"column":36}}]},"12":{"loc":{"start":{"line":139,"column":8},"end":{"line":139,"column":43}},"type":"if","locations":[{"start":{"line":139,"column":8},"end":{"line":139,"column":43}},{"start":{},"end":{}}]},"13":{"loc":{"start":{"line":142,"column":8},"end":{"line":142,"column":58}},"type":"if","locations":[{"start":{"line":142,"column":8},"end":{"line":142,"column":58}},{"start":{},"end":{}}]},"14":{"loc":{"start":{"line":149,"column":4},"end":{"line":151,"column":5}},"type":"if","locations":[{"start":{"line":149,"column":4},"end":{"line":151,"column":5}},{"start":{},"end":{}}]},"15":{"loc":{"start":{"line":161,"column":4},"end":{"line":163,"column":5}},"type":"if","locations":[{"start":{"line":161,"column":4},"end":{"line":163,"column":5}},{"start":{},"end":{}}]},"16":{"loc":{"start":{"line":165,"column":4},"end":{"line":165,"column":45}},"type":"if","locations":[{"start":{"line":165,"column":4},"end":{"line":165,"column":45}},{"start":{},"end":{}}]},"17":{"loc":{"start":{"line":174,"column":4},"end":{"line":176,"column":5}},"type":"if","locations":[{"start":{"line":174,"column":4},"end":{"line":176,"column":5}},{"start":{},"end":{}}]},"18":{"loc":{"start":{"line":188,"column":11},"end":{"line":188,"column":29}},"type":"binary-expr","locations":[{"start":{"line":188,"column":11},"end":{"line":188,"column":22}},{"start":{"line":188,"column":26},"end":{"line":188,"column":29}}]},"19":{"loc":{"start":{"line":189,"column":13},"end":{"line":189,"column":33}},"type":"binary-expr","locations":[{"start":{"line":189,"column":13},"end":{"line":189,"column":26}},{"start":{"line":189,"column":30},"end":{"line":189,"column":33}}]},"20":{"loc":{"start":{"line":190,"column":21},"end":{"line":190,"column":48}},"type":"binary-expr","locations":[{"start":{"line":190,"column":21},"end":{"line":190,"column":41}},{"start":{"line":190,"column":45},"end":{"line":190,"column":48}}]},"21":{"loc":{"start":{"line":200,"column":4},"end":{"line":204,"column":5}},"type":"if","locations":[{"start":{"line":200,"column":4},"end":{"line":204,"column":5}},{"start":{},"end":{}}]},"22":{"loc":{"start":{"line":205,"column":4},"end":{"line":209,"column":5}},"type":"if","locations":[{"start":{"line":205,"column":4},"end":{"line":209,"column":5}},{"start":{},"end":{}}]},"23":{"loc":{"start":{"line":210,"column":4},"end":{"line":214,"column":5}},"type":"if","locations":[{"start":{"line":210,"column":4},"end":{"line":214,"column":5}},{"start":{},"end":{}}]},"24":{"loc":{"start":{"line":229,"column":4},"end":{"line":232,"column":5}},"type":"if","locations":[{"start":{"line":229,"column":4},"end":{"line":232,"column":5}},{"start":{},"end":{}}]},"25":{"loc":{"start":{"line":234,"column":4},"end":{"line":234,"column":55}},"type":"if","locations":[{"start":{"line":234,"column":4},"end":{"line":234,"column":55}},{"start":{},"end":{}}]},"26":{"loc":{"start":{"line":234,"column":8},"end":{"line":234,"column":40}},"type":"binary-expr","locations":[{"start":{"line":234,"column":8},"end":{"line":234,"column":10}},{"start":{"line":234,"column":14},"end":{"line":234,"column":40}}]},"27":{"loc":{"start":{"line":251,"column":14},"end":{"line":251,"column":59}},"type":"binary-expr","locations":[{"start":{"line":251,"column":14},"end":{"line":251,"column":39}},{"start":{"line":251,"column":43},"end":{"line":251,"column":59}}]},"28":{"loc":{"start":{"line":279,"column":13},"end":{"line":279,"column":54}},"type":"cond-expr","locations":[{"start":{"line":279,"column":31},"end":{"line":279,"column":45}},{"start":{"line":279,"column":48},"end":{"line":279,"column":54}}]},"29":{"loc":{"start":{"line":288,"column":4},"end":{"line":288,"column":83}},"type":"if","locations":[{"start":{"line":288,"column":4},"end":{"line":288,"column":83}},{"start":{},"end":{}}]},"30":{"loc":{"start":{"line":288,"column":8},"end":{"line":288,"column":69}},"type":"binary-expr","locations":[{"start":{"line":288,"column":8},"end":{"line":288,"column":10}},{"start":{"line":288,"column":14},"end":{"line":288,"column":39}},{"start":{"line":288,"column":43},"end":{"line":288,"column":69}}]},"31":{"loc":{"start":{"line":290,"column":4},"end":{"line":290,"column":64}},"type":"if","locations":[{"start":{"line":290,"column":4},"end":{"line":290,"column":64}},{"start":{},"end":{}}]},"32":{"loc":{"start":{"line":290,"column":8},"end":{"line":290,"column":50}},"type":"binary-expr","locations":[{"start":{"line":290,"column":8},"end":{"line":290,"column":15}},{"start":{"line":290,"column":19},"end":{"line":290,"column":50}}]},"33":{"loc":{"start":{"line":307,"column":4},"end":{"line":309,"column":5}},"type":"if","locations":[{"start":{"line":307,"column":4},"end":{"line":309,"column":5}},{"start":{},"end":{}}]},"34":{"loc":{"start":{"line":318,"column":4},"end":{"line":318,"column":86}},"type":"if","locations":[{"start":{"line":318,"column":4},"end":{"line":318,"column":86}},{"start":{},"end":{}}]},"35":{"loc":{"start":{"line":318,"column":8},"end":{"line":318,"column":71}},"type":"binary-expr","locations":[{"start":{"line":318,"column":8},"end":{"line":318,"column":10}},{"start":{"line":318,"column":14},"end":{"line":318,"column":40}},{"start":{"line":318,"column":44},"end":{"line":318,"column":71}}]},"36":{"loc":{"start":{"line":320,"column":4},"end":{"line":320,"column":66}},"type":"if","locations":[{"start":{"line":320,"column":4},"end":{"line":320,"column":66}},{"start":{},"end":{}}]},"37":{"loc":{"start":{"line":320,"column":8},"end":{"line":320,"column":51}},"type":"binary-expr","locations":[{"start":{"line":320,"column":8},"end":{"line":320,"column":15}},{"start":{"line":320,"column":19},"end":{"line":320,"column":51}}]},"38":{"loc":{"start":{"line":323,"column":4},"end":{"line":330,"column":5}},"type":"if","locations":[{"start":{"line":323,"column":4},"end":{"line":330,"column":5}},{"start":{"line":328,"column":11},"end":{"line":330,"column":5}}]},"39":{"loc":{"start":{"line":345,"column":4},"end":{"line":347,"column":5}},"type":"if","locations":[{"start":{"line":345,"column":4},"end":{"line":347,"column":5}},{"start":{},"end":{}}]},"40":{"loc":{"start":{"line":345,"column":8},"end":{"line":345,"column":60}},"type":"binary-expr","locations":[{"start":{"line":345,"column":8},"end":{"line":345,"column":10}},{"start":{"line":345,"column":14},"end":{"line":345,"column":36}},{"start":{"line":345,"column":40},"end":{"line":345,"column":47}},{"start":{"line":345,"column":51},"end":{"line":345,"column":60}}]},"41":{"loc":{"start":{"line":352,"column":21},"end":{"line":352,"column":55}},"type":"binary-expr","locations":[{"start":{"line":352,"column":21},"end":{"line":352,"column":36}},{"start":{"line":352,"column":40},"end":{"line":352,"column":55}}]}},"s":{"0":3,"1":3,"2":3,"3":4,"4":3,"5":3,"6":3,"7":3,"8":8,"9":1,"10":1,"11":0,"12":0,"13":0,"14":0,"15":0,"16":0,"17":0,"18":0,"19":0,"20":0,"21":0,"22":0,"23":0,"24":0,"25":0,"26":0,"27":0,"28":0,"29":0,"30":0,"31":0,"32":0,"33":0,"34":0,"35":0,"36":0,"37":0,"38":0,"39":0,"40":0,"41":0,"42":0,"43":0,"44":0,"45":0,"46":0,"47":1,"48":1,"49":1,"50":1,"51":1,"52":1,"53":1,"54":1,"55":2,"56":2,"57":2,"58":2,"59":0,"60":2,"61":2,"62":24,"63":24,"64":24,"65":12,"66":12,"67":12,"68":0,"69":12,"70":12,"71":12,"72":1,"73":1,"74":0,"75":0,"76":0,"77":0,"78":0,"79":0,"80":0,"81":0,"82":0,"83":0,"84":0,"85":0,"86":0,"87":0,"88":0,"89":0,"90":0,"91":0,"92":0,"93":0,"94":0,"95":0,"96":0,"97":0,"98":0,"99":0,"100":0,"101":0,"102":0,"103":0,"104":0,"105":0,"106":0,"107":0,"108":0,"109":0,"110":0,"111":0,"112":0,"113":0,"114":0,"115":0,"116":0,"117":0,"118":0,"119":4,"120":0,"121":0,"122":0,"123":0,"124":0,"125":0,"126":0,"127":0,"128":0,"129":0,"130":0,"131":0,"132":0,"133":0,"134":0,"135":0,"136":0,"137":0,"138":0,"139":0,"140":0,"141":0,"142":0,"143":0,"144":0,"145":0,"146":0,"147":0,"148":0,"149":0,"150":0,"151":0,"152":0,"153":0,"154":0,"155":0,"156":0,"157":0,"158":0,"159":0,"160":0,"161":0,"162":0,"163":0,"164":0,"165":0,"166":0,"167":0,"168":0,"169":0,"170":0,"171":0,"172":0,"173":0,"174":0,"175":0,"176":0,"177":0,"178":0,"179":0,"180":0,"181":0,"182":0,"183":0,"184":0,"185":0,"186":0,"187":0,"188":0,"189":0,"190":0,"191":0,"192":1,"193":3},"f":{"0":4,"1":1,"2":1,"3":0,"4":0,"5":0,"6":0,"7":0,"8":0,"9":1,"10":0,"11":0,"12":0,"13":0,"14":0,"15":0,"16":0,"17":0,"18":0,"19":0,"20":0,"21":4,"22":0,"23":0,"24":0,"25":0,"26":0,"27":0,"28":0,"29":0,"30":0,"31":1},"b":{"0":[0,0],"1":[0,0],"2":[0,0],"3":[0,0],"4":[0,0],"5":[0,0],"6":[0,0],"7":[3,3],"8":[0,2],"9":[2,2],"10":[12,12],"11":[24,12],"12":[0,12],"13":[1,11],"14":[0,0],"15":[0,0],"16":[0,0],"17":[0,0],"18":[0,0],"19":[0,0],"20":[0,0],"21":[0,0],"22":[0,0],"23":[0,0],"24":[0,0],"25":[0,0],"26":[0,0],"27":[0,0],"28":[0,0],"29":[0,0],"30":[0,0,0],"31":[0,0],"32":[0,0],"33":[0,0],"34":[0,0],"35":[0,0,0],"36":[0,0],"37":[0,0],"38":[0,0],"39":[0,0],"40":[0,0,0,0],"41":[0,0]}}
,"C:\\Users\\rafael\\Desktop\\New folder\\abp_6\\src\\services\\AgendamentoStore.ts": {"path":"C:\\Users\\rafael\\Desktop\\New folder\\abp_6\\src\\services\\AgendamentoStore.ts","statementMap":{"0":{"start":{"line":1,"column":0},"end":{"line":1,"column":25}},"1":{"start":{"line":2,"column":0},"end":{"line":2,"column":29}},"2":{"start":{"line":5,"column":17},"end":{"line":5,"column":49}},"3":{"start":{"line":6,"column":18},"end":{"line":6,"column":58}},"4":{"start":{"line":9,"column":2},"end":{"line":11,"column":3}},"5":{"start":{"line":10,"column":4},"end":{"line":10,"column":48}},"6":{"start":{"line":15,"column":2},"end":{"line":15,"column":14}},"7":{"start":{"line":16,"column":2},"end":{"line":16,"column":43}},"8":{"start":{"line":16,"column":33},"end":{"line":16,"column":43}},"9":{"start":{"line":17,"column":2},"end":{"line":22,"column":3}},"10":{"start":{"line":18,"column":16},"end":{"line":18,"column":51}},"11":{"start":{"line":19,"column":4},"end":{"line":19,"column":44}},"12":{"start":{"line":21,"column":4},"end":{"line":21,"column":14}},"13":{"start":{"line":26,"column":2},"end":{"line":26,"column":14}},"14":{"start":{"line":27,"column":2},"end":{"line":27,"column":78}},"15":{"start":{"line":32,"column":17},"end":{"line":32,"column":23}},"16":{"start":{"line":33,"column":16},"end":{"line":33,"column":40}},"17":{"start":{"line":34,"column":15},"end":{"line":34,"column":75}},"18":{"start":{"line":35,"column":30},"end":{"line":40,"column":6}},"19":{"start":{"line":41,"column":4},"end":{"line":41,"column":20}},"20":{"start":{"line":42,"column":4},"end":{"line":42,"column":15}},"21":{"start":{"line":43,"column":4},"end":{"line":43,"column":16}},"22":{"start":{"line":47,"column":4},"end":{"line":47,"column":98}},"23":{"start":{"line":47,"column":33},"end":{"line":47,"column":96}},"24":{"start":{"line":51,"column":17},"end":{"line":51,"column":52}},"25":{"start":{"line":51,"column":32},"end":{"line":51,"column":52}},"26":{"start":{"line":52,"column":14},"end":{"line":52,"column":28}},"27":{"start":{"line":53,"column":4},"end":{"line":55,"column":87}},"28":{"start":{"line":54,"column":21},"end":{"line":54,"column":43}},"29":{"start":{"line":55,"column":22},"end":{"line":55,"column":85}},"30":{"start":{"line":67,"column":17},"end":{"line":67,"column":23}},"31":{"start":{"line":68,"column":16},"end":{"line":68,"column":26}},"32":{"start":{"line":69,"column":23},"end":{"line":69,"column":91}},"33":{"start":{"line":70,"column":26},"end":{"line":70,"column":62}},"34":{"start":{"line":72,"column":46},"end":{"line":72,"column":105}},"35":{"start":{"line":73,"column":15},"end":{"line":73,"column":16}},"36":{"start":{"line":74,"column":23},"end":{"line":74,"column":24}},"37":{"start":{"line":75,"column":23},"end":{"line":75,"column":24}},"38":{"start":{"line":76,"column":24},"end":{"line":76,"column":25}},"39":{"start":{"line":78,"column":4},"end":{"line":85,"column":5}},"40":{"start":{"line":79,"column":6},"end":{"line":79,"column":59}},"41":{"start":{"line":80,"column":16},"end":{"line":80,"column":46}},"42":{"start":{"line":81,"column":6},"end":{"line":81,"column":34}},"43":{"start":{"line":81,"column":27},"end":{"line":81,"column":34}},"44":{"start":{"line":82,"column":6},"end":{"line":82,"column":45}},"45":{"start":{"line":82,"column":30},"end":{"line":82,"column":45}},"46":{"start":{"line":83,"column":6},"end":{"line":83,"column":42}},"47":{"start":{"line":83,"column":27},"end":{"line":83,"column":42}},"48":{"start":{"line":84,"column":6},"end":{"line":84,"column":43}},"49":{"start":{"line":84,"column":27},"end":{"line":84,"column":43}},"50":{"start":{"line":87,"column":4},"end":{"line":95,"column":6}},"51":{"start":{"line":100,"column":17},"end":{"line":100,"column":23}},"52":{"start":{"line":101,"column":16},"end":{"line":101,"column":50}},"53":{"start":{"line":101,"column":38},"end":{"line":101,"column":49}},"54":{"start":{"line":102,"column":4},"end":{"line":102,"column":33}},"55":{"start":{"line":102,"column":20},"end":{"line":102,"column":33}},"56":{"start":{"line":103,"column":16},"end":{"line":103,"column":40}},"57":{"start":{"line":104,"column":4},"end":{"line":104,"column":62}},"58":{"start":{"line":105,"column":4},"end":{"line":105,"column":15}},"59":{"start":{"line":106,"column":4},"end":{"line":106,"column":16}},"60":{"start":{"line":110,"column":4},"end":{"line":110,"column":43}},"61":{"start":{"line":110,"column":30},"end":{"line":110,"column":41}},"62":{"start":{"line":118,"column":17},"end":{"line":118,"column":23}},"63":{"start":{"line":119,"column":17},"end":{"line":119,"column":35}},"64":{"start":{"line":120,"column":15},"end":{"line":120,"column":31}},"65":{"start":{"line":121,"column":31},"end":{"line":121,"column":33}},"66":{"start":{"line":122,"column":4},"end":{"line":126,"column":5}},"67":{"start":{"line":123,"column":6},"end":{"line":123,"column":62}},"68":{"start":{"line":123,"column":53},"end":{"line":123,"column":62}},"69":{"start":{"line":124,"column":16},"end":{"line":124,"column":48}},"70":{"start":{"line":125,"column":6},"end":{"line":125,"column":60}},"71":{"start":{"line":125,"column":32},"end":{"line":125,"column":60}},"72":{"start":{"line":127,"column":4},"end":{"line":127,"column":20}},"73":{"start":{"line":30,"column":0},"end":{"line":30,"column":13}}},"fnMap":{"0":{"name":"ensureDir","decl":{"start":{"line":8,"column":9},"end":{"line":8,"column":18}},"loc":{"start":{"line":8,"column":18},"end":{"line":12,"column":1}}},"1":{"name":"load","decl":{"start":{"line":14,"column":9},"end":{"line":14,"column":13}},"loc":{"start":{"line":14,"column":13},"end":{"line":23,"column":1}}},"2":{"name":"save","decl":{"start":{"line":25,"column":9},"end":{"line":25,"column":13}},"loc":{"start":{"line":25,"column":41},"end":{"line":28,"column":1}}},"3":{"name":"(anonymous_12)","decl":{"start":{"line":31,"column":2},"end":{"line":31,"column":5}},"loc":{"start":{"line":31,"column":63},"end":{"line":44,"column":3}}},"4":{"name":"(anonymous_13)","decl":{"start":{"line":46,"column":2},"end":{"line":46,"column":13}},"loc":{"start":{"line":46,"column":13},"end":{"line":48,"column":3}}},"5":{"name":"(anonymous_14)","decl":{"start":{"line":47,"column":23},"end":{"line":47,"column":24}},"loc":{"start":{"line":47,"column":33},"end":{"line":47,"column":96}}},"6":{"name":"(anonymous_15)","decl":{"start":{"line":50,"column":2},"end":{"line":50,"column":19}},"loc":{"start":{"line":50,"column":36},"end":{"line":56,"column":3}}},"7":{"name":"(anonymous_16)","decl":{"start":{"line":51,"column":17},"end":{"line":51,"column":18}},"loc":{"start":{"line":51,"column":32},"end":{"line":51,"column":52}}},"8":{"name":"(anonymous_17)","decl":{"start":{"line":54,"column":14},"end":{"line":54,"column":15}},"loc":{"start":{"line":54,"column":21},"end":{"line":54,"column":43}}},"9":{"name":"(anonymous_18)","decl":{"start":{"line":55,"column":12},"end":{"line":55,"column":13}},"loc":{"start":{"line":55,"column":22},"end":{"line":55,"column":85}}},"10":{"name":"(anonymous_19)","decl":{"start":{"line":58,"column":2},"end":{"line":58,"column":13}},"loc":{"start":{"line":58,"column":13},"end":{"line":96,"column":3}}},"11":{"name":"(anonymous_20)","decl":{"start":{"line":99,"column":2},"end":{"line":99,"column":8}},"loc":{"start":{"line":99,"column":124},"end":{"line":107,"column":3}}},"12":{"name":"(anonymous_21)","decl":{"start":{"line":101,"column":31},"end":{"line":101,"column":32}},"loc":{"start":{"line":101,"column":38},"end":{"line":101,"column":49}}},"13":{"name":"(anonymous_22)","decl":{"start":{"line":109,"column":2},"end":{"line":109,"column":9}},"loc":{"start":{"line":109,"column":20},"end":{"line":111,"column":3}}},"14":{"name":"(anonymous_23)","decl":{"start":{"line":110,"column":23},"end":{"line":110,"column":24}},"loc":{"start":{"line":110,"column":30},"end":{"line":110,"column":41}}},"15":{"name":"(anonymous_24)","decl":{"start":{"line":117,"column":2},"end":{"line":117,"column":18}},"loc":{"start":{"line":117,"column":47},"end":{"line":128,"column":3}}}},"branchMap":{"0":{"loc":{"start":{"line":9,"column":2},"end":{"line":11,"column":3}},"type":"if","locations":[{"start":{"line":9,"column":2},"end":{"line":11,"column":3}},{"start":{},"end":{}}]},"1":{"loc":{"start":{"line":16,"column":2},"end":{"line":16,"column":43}},"type":"if","locations":[{"start":{"line":16,"column":2},"end":{"line":16,"column":43}},{"start":{},"end":{}}]},"2":{"loc":{"start":{"line":79,"column":29},"end":{"line":79,"column":53}},"type":"binary-expr","locations":[{"start":{"line":79,"column":29},"end":{"line":79,"column":48}},{"start":{"line":79,"column":52},"end":{"line":79,"column":53}}]},"3":{"loc":{"start":{"line":81,"column":6},"end":{"line":81,"column":34}},"type":"if","locations":[{"start":{"line":81,"column":6},"end":{"line":81,"column":34}},{"start":{},"end":{}}]},"4":{"loc":{"start":{"line":82,"column":6},"end":{"line":82,"column":45}},"type":"if","locations":[{"start":{"line":82,"column":6},"end":{"line":82,"column":45}},{"start":{},"end":{}}]},"5":{"loc":{"start":{"line":83,"column":6},"end":{"line":83,"column":42}},"type":"if","locations":[{"start":{"line":83,"column":6},"end":{"line":83,"column":42}},{"start":{},"end":{}}]},"6":{"loc":{"start":{"line":84,"column":6},"end":{"line":84,"column":43}},"type":"if","locations":[{"start":{"line":84,"column":6},"end":{"line":84,"column":43}},{"start":{},"end":{}}]},"7":{"loc":{"start":{"line":102,"column":4},"end":{"line":102,"column":33}},"type":"if","locations":[{"start":{"line":102,"column":4},"end":{"line":102,"column":33}},{"start":{},"end":{}}]},"8":{"loc":{"start":{"line":123,"column":6},"end":{"line":123,"column":62}},"type":"if","locations":[{"start":{"line":123,"column":6},"end":{"line":123,"column":62}},{"start":{},"end":{}}]},"9":{"loc":{"start":{"line":123,"column":10},"end":{"line":123,"column":51}},"type":"binary-expr","locations":[{"start":{"line":123,"column":10},"end":{"line":123,"column":34}},{"start":{"line":123,"column":38},"end":{"line":123,"column":51}}]},"10":{"loc":{"start":{"line":125,"column":6},"end":{"line":125,"column":60}},"type":"if","locations":[{"start":{"line":125,"column":6},"end":{"line":125,"column":60}},{"start":{},"end":{}}]},"11":{"loc":{"start":{"line":125,"column":10},"end":{"line":125,"column":30}},"type":"binary-expr","locations":[{"start":{"line":125,"column":10},"end":{"line":125,"column":19}},{"start":{"line":125,"column":23},"end":{"line":125,"column":30}}]}},"s":{"0":3,"1":3,"2":3,"3":3,"4":1,"5":0,"6":1,"7":1,"8":1,"9":0,"10":0,"11":0,"12":0,"13":0,"14":0,"15":0,"16":0,"17":0,"18":0,"19":0,"20":0,"21":0,"22":0,"23":0,"24":0,"25":0,"26":0,"27":0,"28":0,"29":0,"30":0,"31":0,"32":0,"33":0,"34":0,"35":0,"36":0,"37":0,"38":0,"39":0,"40":0,"41":0,"42":0,"43":0,"44":0,"45":0,"46":0,"47":0,"48":0,"49":0,"50":0,"51":0,"52":0,"53":0,"54":0,"55":0,"56":0,"57":0,"58":0,"59":0,"60":0,"61":0,"62":1,"63":1,"64":1,"65":1,"66":1,"67":0,"68":0,"69":0,"70":0,"71":0,"72":1,"73":3},"f":{"0":1,"1":1,"2":0,"3":0,"4":0,"5":0,"6":0,"7":0,"8":0,"9":0,"10":0,"11":0,"12":0,"13":0,"14":0,"15":1},"b":{"0":[0,1],"1":[1,0],"2":[0,0],"3":[0,0],"4":[0,0],"5":[0,0],"6":[0,0],"7":[0,0],"8":[0,0],"9":[0,0],"10":[0,0],"11":[0,0]}}
,"C:\\Users\\rafael\\Desktop\\New folder\\abp_6\\src\\services\\MenuService.ts": {"path":"C:\\Users\\rafael\\Desktop\\New folder\\abp_6\\src\\services\\MenuService.ts","statementMap":{"0":{"start":{"line":6,"column":4},"end":{"line":19,"column":54}},"1":{"start":{"line":23,"column":4},"end":{"line":30,"column":71}},"2":{"start":{"line":34,"column":4},"end":{"line":41,"column":58}},"3":{"start":{"line":46,"column":4},"end":{"line":46,"column":86}},"4":{"start":{"line":50,"column":4},"end":{"line":58,"column":85}},"5":{"start":{"line":62,"column":4},"end":{"line":66,"column":133}},"6":{"start":{"line":70,"column":4},"end":{"line":81,"column":68}},"7":{"start":{"line":85,"column":4},"end":{"line":85,"column":107}},"8":{"start":{"line":89,"column":4},"end":{"line":89,"column":106}},"9":{"start":{"line":4,"column":0},"end":{"line":4,"column":13}}},"fnMap":{"0":{"name":"(anonymous_0)","decl":{"start":{"line":5,"column":2},"end":{"line":5,"column":12}},"loc":{"start":{"line":5,"column":12},"end":{"line":20,"column":3}}},"1":{"name":"(anonymous_1)","decl":{"start":{"line":22,"column":2},"end":{"line":22,"column":16}},"loc":{"start":{"line":22,"column":16},"end":{"line":31,"column":3}}},"2":{"name":"(anonymous_2)","decl":{"start":{"line":33,"column":2},"end":{"line":33,"column":15}},"loc":{"start":{"line":33,"column":15},"end":{"line":42,"column":3}}},"3":{"name":"(anonymous_3)","decl":{"start":{"line":45,"column":2},"end":{"line":45,"column":19}},"loc":{"start":{"line":45,"column":19},"end":{"line":47,"column":3}}},"4":{"name":"(anonymous_4)","decl":{"start":{"line":49,"column":2},"end":{"line":49,"column":12}},"loc":{"start":{"line":49,"column":12},"end":{"line":59,"column":3}}},"5":{"name":"(anonymous_5)","decl":{"start":{"line":61,"column":2},"end":{"line":61,"column":12}},"loc":{"start":{"line":61,"column":12},"end":{"line":67,"column":3}}},"6":{"name":"(anonymous_6)","decl":{"start":{"line":69,"column":2},"end":{"line":69,"column":13}},"loc":{"start":{"line":69,"column":13},"end":{"line":82,"column":3}}},"7":{"name":"(anonymous_7)","decl":{"start":{"line":84,"column":2},"end":{"line":84,"column":16}},"loc":{"start":{"line":84,"column":16},"end":{"line":86,"column":3}}},"8":{"name":"(anonymous_8)","decl":{"start":{"line":88,"column":2},"end":{"line":88,"column":17}},"loc":{"start":{"line":88,"column":17},"end":{"line":90,"column":3}}}},"branchMap":{},"s":{"0":2,"1":2,"2":1,"3":1,"4":1,"5":0,"6":0,"7":0,"8":0,"9":3},"f":{"0":2,"1":2,"2":1,"3":1,"4":1,"5":0,"6":0,"7":0,"8":0},"b":{}}
,"C:\\Users\\rafael\\Desktop\\New folder\\abp_6\\src\\services\\OutlookCalendarService.ts": {"path":"C:\\Users\\rafael\\Desktop\\New folder\\abp_6\\src\\services\\OutlookCalendarService.ts","statementMap":{"0":{"start":{"line":75,"column":0},"end":{"line":75,"column":7}},"1":{"start":{"line":8,"column":15},"end":{"line":8,"column":56}},"2":{"start":{"line":9,"column":18},"end":{"line":9,"column":53}},"3":{"start":{"line":10,"column":22},"end":{"line":10,"column":61}},"4":{"start":{"line":11,"column":22},"end":{"line":11,"column":61}},"5":{"start":{"line":12,"column":17},"end":{"line":12,"column":81}},"6":{"start":{"line":15,"column":2},"end":{"line":15,"column":57}},"7":{"start":{"line":20,"column":14},"end":{"line":20,"column":24}},"8":{"start":{"line":22,"column":16},"end":{"line":22,"column":78}},"9":{"start":{"line":24,"column":2},"end":{"line":34,"column":3}},"10":{"start":{"line":25,"column":16},"end":{"line":25,"column":38}},"11":{"start":{"line":26,"column":18},"end":{"line":26,"column":44}},"12":{"start":{"line":27,"column":17},"end":{"line":27,"column":102}},"13":{"start":{"line":28,"column":4},"end":{"line":28,"column":48}},"14":{"start":{"line":31,"column":4},"end":{"line":31,"column":26}},"15":{"start":{"line":32,"column":4},"end":{"line":32,"column":39}},"16":{"start":{"line":33,"column":4},"end":{"line":33,"column":31}},"17":{"start":{"line":35,"column":14},"end":{"line":35,"column":29}},"18":{"start":{"line":36,"column":2},"end":{"line":36,"column":40}},"19":{"start":{"line":37,"column":2},"end":{"line":37,"column":24}},"20":{"start":{"line":41,"column":2},"end":{"line":41,"column":38}},"21":{"start":{"line":45,"column":2},"end":{"line":45,"column":33}},"22":{"start":{"line":45,"column":21},"end":{"line":45,"column":33}},"23":{"start":{"line":46,"column":2},"end":{"line":67,"column":3}},"24":{"start":{"line":47,"column":17},"end":{"line":52,"column":6}},"25":{"start":{"line":53,"column":16},"end":{"line":57,"column":6}},"26":{"start":{"line":58,"column":4},"end":{"line":61,"column":5}},"27":{"start":{"line":59,"column":6},"end":{"line":59,"column":84}},"28":{"start":{"line":60,"column":6},"end":{"line":60,"column":18}},"29":{"start":{"line":62,"column":18},"end":{"line":62,"column":34}},"30":{"start":{"line":63,"column":4},"end":{"line":63,"column":37}},"31":{"start":{"line":65,"column":4},"end":{"line":65,"column":55}},"32":{"start":{"line":66,"column":4},"end":{"line":66,"column":16}},"33":{"start":{"line":76,"column":2},"end":{"line":76,"column":28}},"34":{"start":{"line":76,"column":21},"end":{"line":76,"column":28}},"35":{"start":{"line":77,"column":16},"end":{"line":77,"column":38}},"36":{"start":{"line":78,"column":2},"end":{"line":78,"column":21}},"37":{"start":{"line":78,"column":14},"end":{"line":78,"column":21}},"38":{"start":{"line":82,"column":2},"end":{"line":90,"column":3}},"39":{"start":{"line":83,"column":4},"end":{"line":83,"column":36}},"40":{"start":{"line":84,"column":4},"end":{"line":84,"column":26}},"41":{"start":{"line":85,"column":4},"end":{"line":85,"column":42}},"42":{"start":{"line":87,"column":19},"end":{"line":87,"column":55}},"43":{"start":{"line":88,"column":4},"end":{"line":88,"column":25}},"44":{"start":{"line":89,"column":4},"end":{"line":89,"column":21}},"45":{"start":{"line":91,"column":18},"end":{"line":113,"column":4}},"46":{"start":{"line":115,"column":2},"end":{"line":132,"column":3}},"47":{"start":{"line":116,"column":16},"end":{"line":123,"column":6}},"48":{"start":{"line":124,"column":4},"end":{"line":128,"column":5}},"49":{"start":{"line":125,"column":19},"end":{"line":125,"column":35}},"50":{"start":{"line":126,"column":6},"end":{"line":126,"column":73}},"51":{"start":{"line":127,"column":6},"end":{"line":127,"column":13}},"52":{"start":{"line":129,"column":4},"end":{"line":129,"column":81}},"53":{"start":{"line":131,"column":4},"end":{"line":131,"column":56}}},"fnMap":{"0":{"name":"isConfigOk","decl":{"start":{"line":14,"column":9},"end":{"line":14,"column":19}},"loc":{"start":{"line":14,"column":19},"end":{"line":16,"column":1}}},"1":{"name":"parseDataPreferida","decl":{"start":{"line":19,"column":9},"end":{"line":19,"column":27}},"loc":{"start":{"line":19,"column":49},"end":{"line":38,"column":1}}},"2":{"name":"toGraphDateTime","decl":{"start":{"line":40,"column":9},"end":{"line":40,"column":24}},"loc":{"start":{"line":40,"column":32},"end":{"line":42,"column":1}}},"3":{"name":"getAccessToken","decl":{"start":{"line":44,"column":15},"end":{"line":44,"column":29}},"loc":{"start":{"line":44,"column":29},"end":{"line":68,"column":1}}},"4":{"name":"criarEventoOutlook","decl":{"start":{"line":75,"column":22},"end":{"line":75,"column":40}},"loc":{"start":{"line":75,"column":56},"end":{"line":133,"column":1}}}},"branchMap":{"0":{"loc":{"start":{"line":8,"column":15},"end":{"line":8,"column":56}},"type":"binary-expr","locations":[{"start":{"line":8,"column":15},"end":{"line":8,"column":44}},{"start":{"line":8,"column":48},"end":{"line":8,"column":56}}]},"1":{"loc":{"start":{"line":9,"column":18},"end":{"line":9,"column":53}},"type":"binary-expr","locations":[{"start":{"line":9,"column":18},"end":{"line":9,"column":47}},{"start":{"line":9,"column":51},"end":{"line":9,"column":53}}]},"2":{"loc":{"start":{"line":10,"column":22},"end":{"line":10,"column":61}},"type":"binary-expr","locations":[{"start":{"line":10,"column":22},"end":{"line":10,"column":55}},{"start":{"line":10,"column":59},"end":{"line":10,"column":61}}]},"3":{"loc":{"start":{"line":11,"column":22},"end":{"line":11,"column":61}},"type":"binary-expr","locations":[{"start":{"line":11,"column":22},"end":{"line":11,"column":55}},{"start":{"line":11,"column":59},"end":{"line":11,"column":61}}]},"4":{"loc":{"start":{"line":12,"column":17},"end":{"line":12,"column":81}},"type":"binary-expr","locations":[{"start":{"line":12,"column":17},"end":{"line":12,"column":45}},{"start":{"line":12,"column":49},"end":{"line":12,"column":81}}]},"5":{"loc":{"start":{"line":15,"column":12},"end":{"line":15,"column":55}},"type":"binary-expr","locations":[{"start":{"line":15,"column":12},"end":{"line":15,"column":21}},{"start":{"line":15,"column":25},"end":{"line":15,"column":38}},{"start":{"line":15,"column":42},"end":{"line":15,"column":55}}]},"6":{"loc":{"start":{"line":24,"column":2},"end":{"line":34,"column":3}},"type":"if","locations":[{"start":{"line":24,"column":2},"end":{"line":34,"column":3}},{"start":{"line":29,"column":9},"end":{"line":34,"column":3}}]},"7":{"loc":{"start":{"line":27,"column":17},"end":{"line":27,"column":102}},"type":"cond-expr","locations":[{"start":{"line":27,"column":48},"end":{"line":27,"column":77}},{"start":{"line":27,"column":80},"end":{"line":27,"column":102}}]},"8":{"loc":{"start":{"line":45,"column":2},"end":{"line":45,"column":33}},"type":"if","locations":[{"start":{"line":45,"column":2},"end":{"line":45,"column":33}},{"start":{},"end":{}}]},"9":{"loc":{"start":{"line":58,"column":4},"end":{"line":61,"column":5}},"type":"if","locations":[{"start":{"line":58,"column":4},"end":{"line":61,"column":5}},{"start":{},"end":{}}]},"10":{"loc":{"start":{"line":63,"column":11},"end":{"line":63,"column":36}},"type":"binary-expr","locations":[{"start":{"line":63,"column":11},"end":{"line":63,"column":28}},{"start":{"line":63,"column":32},"end":{"line":63,"column":36}}]},"11":{"loc":{"start":{"line":76,"column":2},"end":{"line":76,"column":28}},"type":"if","locations":[{"start":{"line":76,"column":2},"end":{"line":76,"column":28}},{"start":{},"end":{}}]},"12":{"loc":{"start":{"line":78,"column":2},"end":{"line":78,"column":21}},"type":"if","locations":[{"start":{"line":78,"column":2},"end":{"line":78,"column":21}},{"start":{},"end":{}}]},"13":{"loc":{"start":{"line":82,"column":2},"end":{"line":90,"column":3}},"type":"if","locations":[{"start":{"line":82,"column":2},"end":{"line":90,"column":3}},{"start":{"line":86,"column":9},"end":{"line":90,"column":3}}]},"14":{"loc":{"start":{"line":124,"column":4},"end":{"line":128,"column":5}},"type":"if","locations":[{"start":{"line":124,"column":4},"end":{"line":128,"column":5}},{"start":{},"end":{}}]}},"s":{"0":2,"1":2,"2":2,"3":2,"4":2,"5":2,"6":0,"7":0,"8":0,"9":0,"10":0,"11":0,"12":0,"13":0,"14":0,"15":0,"16":0,"17":0,"18":0,"19":0,"20":0,"21":0,"22":0,"23":0,"24":0,"25":0,"26":0,"27":0,"28":0,"29":0,"30":0,"31":0,"32":0,"33":0,"34":0,"35":0,"36":0,"37":0,"38":0,"39":0,"40":0,"41":0,"42":0,"43":0,"44":0,"45":0,"46":0,"47":0,"48":0,"49":0,"50":0,"51":0,"52":0,"53":0},"f":{"0":0,"1":0,"2":0,"3":0,"4":0},"b":{"0":[2,2],"1":[2,2],"2":[2,2],"3":[2,2],"4":[2,2],"5":[0,0,0],"6":[0,0],"7":[0,0],"8":[0,0],"9":[0,0],"10":[0,0],"11":[0,0],"12":[0,0],"13":[0,0],"14":[0,0]}}
}
