TN:
SF:src\bot\ProconBot.ts
FN:13,(anonymous_1)
FN:24,(anonymous_2)
FN:26,(anonymous_3)
FN:37,(anonymous_4)
FN:41,(anonymous_5)
FN:45,(anonymous_6)
FN:49,(anonymous_7)
FNF:7
FNH:1
FNDA:1,(anonymous_1)
FNDA:0,(anonymous_2)
FNDA:0,(anonymous_3)
FNDA:0,(anonymous_4)
FNDA:0,(anonymous_5)
FNDA:0,(anonymous_6)
FNDA:0,(anonymous_7)
DA:1,1
DA:2,1
DA:3,1
DA:4,1
DA:7,1
DA:9,1
DA:14,1
DA:21,1
DA:25,0
DA:26,0
DA:27,0
DA:28,0
DA:29,0
DA:31,0
DA:32,0
DA:33,0
DA:34,0
DA:37,0
DA:38,0
DA:41,0
DA:42,0
DA:45,0
DA:46,0
DA:49,0
DA:50,0
DA:53,0
LF:26
LH:8
BRDA:27,0,0,0
BRDA:27,0,1,0
BRF:2
BRH:0
end_of_record
TN:
SF:src\handlers\MessageHandler.ts
FN:8,isAtendente
FN:18,(anonymous_1)
FN:23,(anonymous_2)
FN:133,(anonymous_3)
FN:210,(anonymous_4)
FN:228,(anonymous_5)
FNF:6
FNH:3
FNDA:4,isAtendente
FNDA:4,(anonymous_1)
FNDA:3,(anonymous_2)
FNDA:0,(anonymous_3)
FNDA:0,(anonymous_4)
FNDA:0,(anonymous_5)
DA:2,2
DA:3,2
DA:4,2
DA:6,2
DA:9,4
DA:10,0
DA:11,0
DA:14,2
DA:19,4
DA:20,4
DA:24,3
DA:25,3
DA:26,3
DA:27,3
DA:29,3
DA:31,2
DA:33,2
DA:34,0
DA:35,0
DA:39,2
DA:40,0
DA:41,0
DA:42,0
DA:43,0
DA:44,0
DA:45,0
DA:46,0
DA:48,0
DA:49,0
DA:50,0
DA:51,0
DA:56,2
DA:57,0
DA:58,0
DA:59,0
DA:63,2
DA:64,0
DA:65,0
DA:70,2
DA:86,2
DA:87,1
DA:88,1
DA:91,1
DA:92,1
DA:93,1
DA:96,0
DA:97,0
DA:98,0
DA:101,0
DA:102,0
DA:103,0
DA:106,0
DA:107,0
DA:108,0
DA:111,0
DA:112,0
DA:113,0
DA:116,0
DA:117,0
DA:118,0
DA:121,0
DA:124,0
DA:126,0
DA:127,0
DA:134,0
DA:135,0
DA:137,0
DA:139,0
DA:140,0
DA:141,0
DA:142,0
DA:143,0
DA:144,0
DA:145,0
DA:147,0
DA:151,0
DA:154,0
DA:155,0
DA:156,0
DA:158,0
DA:159,0
DA:160,0
DA:161,0
DA:165,0
DA:166,0
DA:167,0
DA:169,0
DA:173,0
DA:176,0
DA:177,0
DA:178,0
DA:179,0
DA:181,0
DA:182,0
DA:183,0
DA:185,0
DA:187,0
DA:190,0
DA:191,0
DA:192,0
DA:193,0
DA:195,0
DA:196,0
DA:197,0
DA:199,0
DA:201,0
DA:204,0
DA:205,0
DA:206,0
DA:207,0
DA:208,0
DA:209,0
DA:210,0
DA:212,0
DA:214,0
DA:215,0
DA:216,0
DA:218,0
DA:223,0
DA:229,0
DA:230,0
DA:231,0
DA:233,0
DA:234,0
DA:235,0
DA:236,0
DA:237,0
DA:238,0
DA:239,0
DA:240,0
DA:241,0
DA:242,0
DA:243,0
DA:244,0
DA:246,0
DA:247,0
DA:249,0
DA:250,0
DA:251,0
DA:252,0
DA:253,0
DA:254,0
DA:255,0
DA:259,0
LF:144
LH:25
BRDA:6,0,0,2
BRDA:6,0,1,2
BRDA:9,1,0,4
BRDA:9,1,1,0
BRDA:11,2,0,0
BRDA:11,2,1,0
BRDA:25,3,0,3
BRDA:25,3,1,1
BRDA:29,4,0,1
BRDA:29,4,1,2
BRDA:33,5,0,0
BRDA:33,5,1,2
BRDA:33,6,0,2
BRDA:33,6,1,0
BRDA:33,6,2,0
BRDA:33,6,3,0
BRDA:39,7,0,0
BRDA:39,7,1,2
BRDA:43,8,0,0
BRDA:43,8,1,0
BRDA:45,9,0,0
BRDA:45,9,1,0
BRDA:48,10,0,0
BRDA:48,10,1,0
BRDA:50,11,0,0
BRDA:50,11,1,0
BRDA:56,12,0,0
BRDA:56,12,1,2
BRDA:56,13,0,2
BRDA:56,13,1,0
BRDA:63,14,0,0
BRDA:63,14,1,2
BRDA:70,15,0,2
BRDA:70,15,1,2
BRDA:70,15,2,2
BRDA:70,15,3,2
BRDA:70,15,4,1
BRDA:70,15,5,1
BRDA:70,15,6,1
BRDA:70,15,7,1
BRDA:70,15,8,1
BRDA:70,15,9,1
BRDA:70,15,10,1
BRDA:70,15,11,1
BRDA:70,15,12,1
BRDA:70,15,13,1
BRDA:70,15,14,1
BRDA:70,15,15,1
BRDA:86,16,0,1
BRDA:86,16,1,1
BRDA:91,17,0,1
BRDA:91,17,1,0
BRDA:96,18,0,0
BRDA:96,18,1,0
BRDA:101,19,0,0
BRDA:101,19,1,0
BRDA:106,20,0,0
BRDA:106,20,1,0
BRDA:111,21,0,0
BRDA:111,21,1,0
BRDA:116,22,0,0
BRDA:116,22,1,0
BRDA:137,23,0,0
BRDA:137,23,1,0
BRDA:137,23,2,0
BRDA:137,23,3,0
BRDA:137,23,4,0
BRDA:137,23,5,0
BRDA:137,23,6,0
BRDA:139,24,0,0
BRDA:139,24,1,0
BRDA:139,24,2,0
BRDA:139,24,3,0
BRDA:140,25,0,0
BRDA:140,25,1,0
BRDA:140,25,2,0
BRDA:140,25,3,0
BRDA:141,26,0,0
BRDA:141,26,1,0
BRDA:141,27,0,0
BRDA:141,27,1,0
BRDA:143,28,0,0
BRDA:143,28,1,0
BRDA:165,29,0,0
BRDA:165,29,1,0
BRDA:177,30,0,0
BRDA:177,30,1,0
BRDA:177,31,0,0
BRDA:177,31,1,0
BRDA:182,32,0,0
BRDA:182,32,1,0
BRDA:191,33,0,0
BRDA:191,33,1,0
BRDA:191,34,0,0
BRDA:191,34,1,0
BRDA:195,35,0,0
BRDA:195,35,1,0
BRDA:204,36,0,0
BRDA:204,36,1,0
BRDA:205,37,0,0
BRDA:205,37,1,0
BRDA:206,38,0,0
BRDA:206,38,1,0
BRDA:208,39,0,0
BRDA:208,39,1,0
BRDA:214,40,0,0
BRDA:214,40,1,0
BRDA:246,41,0,0
BRDA:246,41,1,0
BRDA:251,42,0,0
BRDA:251,42,1,0
BRDA:251,43,0,0
BRDA:251,43,1,0
BRDA:251,44,0,0
BRDA:251,44,1,0
BRF:115
BRH:32
end_of_record
TN:
SF:src\services\AgendamentoService.ts
FN:9,normalizarTelefone
FN:26,(anonymous_1)
FN:35,(anonymous_2)
FN:56,(anonymous_3)
FN:60,(anonymous_4)
FN:64,(anonymous_5)
FN:69,(anonymous_6)
FN:74,(anonymous_7)
FN:94,(anonymous_8)
FN:118,(anonymous_9)
FN:148,(anonymous_10)
FN:153,(anonymous_11)
FN:160,(anonymous_12)
FN:166,(anonymous_13)
FN:173,(anonymous_14)
FN:178,(anonymous_15)
FN:185,(anonymous_16)
FN:198,(anonymous_17)
FN:222,(anonymous_18)
FN:227,(anonymous_19)
FN:241,(anonymous_20)
FN:245,(anonymous_21)
FN:249,(anonymous_22)
FN:257,(anonymous_23)
FN:265,(anonymous_24)
FN:274,(anonymous_25)
FN:285,(anonymous_26)
FN:302,(anonymous_27)
FN:315,(anonymous_28)
FN:337,(anonymous_29)
FN:342,(anonymous_30)
FN:360,(anonymous_31)
FNF:32
FNH:6
FNDA:4,normalizarTelefone
FNDA:1,(anonymous_1)
FNDA:1,(anonymous_2)
FNDA:0,(anonymous_3)
FNDA:0,(anonymous_4)
FNDA:0,(anonymous_5)
FNDA:0,(anonymous_6)
FNDA:0,(anonymous_7)
FNDA:0,(anonymous_8)
FNDA:1,(anonymous_9)
FNDA:0,(anonymous_10)
FNDA:0,(anonymous_11)
FNDA:0,(anonymous_12)
FNDA:0,(anonymous_13)
FNDA:0,(anonymous_14)
FNDA:0,(anonymous_15)
FNDA:0,(anonymous_16)
FNDA:0,(anonymous_17)
FNDA:0,(anonymous_18)
FNDA:0,(anonymous_19)
FNDA:0,(anonymous_20)
FNDA:4,(anonymous_21)
FNDA:0,(anonymous_22)
FNDA:0,(anonymous_23)
FNDA:0,(anonymous_24)
FNDA:0,(anonymous_25)
FNDA:0,(anonymous_26)
FNDA:0,(anonymous_27)
FNDA:0,(anonymous_28)
FNDA:0,(anonymous_29)
FNDA:0,(anonymous_30)
FNDA:1,(anonymous_31)
DA:2,3
DA:4,3
DA:7,3
DA:10,4
DA:14,3
DA:18,3
DA:19,3
DA:21,3
DA:23,3
DA:24,8
DA:27,1
DA:36,1
DA:57,0
DA:61,0
DA:65,0
DA:70,0
DA:75,0
DA:76,0
DA:77,0
DA:78,0
DA:79,0
DA:80,0
DA:81,0
DA:82,0
DA:83,0
DA:84,0
DA:85,0
DA:86,0
DA:87,0
DA:90,0
DA:95,0
DA:96,0
DA:97,0
DA:98,0
DA:101,0
DA:102,0
DA:103,0
DA:104,0
DA:105,0
DA:106,0
DA:107,0
DA:108,0
DA:109,0
DA:114,0
DA:119,1
DA:120,1
DA:121,1
DA:122,1
DA:123,1
DA:126,1
DA:128,1
DA:129,2
DA:130,2
DA:131,2
DA:132,2
DA:133,2
DA:134,2
DA:135,24
DA:136,24
DA:137,24
DA:138,12
DA:139,12
DA:140,12
DA:141,12
DA:142,12
DA:145,1
DA:149,0
DA:150,0
DA:152,0
DA:153,0
DA:154,0
DA:156,0
DA:157,0
DA:161,0
DA:162,0
DA:164,0
DA:165,0
DA:166,0
DA:167,0
DA:169,0
DA:170,0
DA:174,0
DA:175,0
DA:177,0
DA:178,0
DA:179,0
DA:181,0
DA:182,0
DA:186,0
DA:199,0
DA:200,0
DA:201,0
DA:205,0
DA:206,0
DA:210,0
DA:211,0
DA:215,0
DA:218,0
DA:223,0
DA:228,0
DA:229,0
DA:230,0
DA:231,0
DA:233,0
DA:234,0
DA:235,0
DA:236,0
DA:237,0
DA:242,0
DA:246,4
DA:250,0
DA:251,0
DA:252,0
DA:253,0
DA:254,0
DA:258,0
DA:259,0
DA:260,0
DA:261,0
DA:262,0
DA:266,0
DA:267,0
DA:268,0
DA:269,0
DA:270,0
DA:275,0
DA:276,0
DA:277,0
DA:278,0
DA:279,0
DA:280,0
DA:281,0
DA:286,0
DA:287,0
DA:288,0
DA:289,0
DA:290,0
DA:291,0
DA:292,0
DA:293,0
DA:294,0
DA:295,0
DA:296,0
DA:297,0
DA:298,0
DA:303,0
DA:304,0
DA:305,0
DA:306,0
DA:307,0
DA:308,0
DA:310,0
DA:311,0
DA:316,0
DA:317,0
DA:318,0
DA:319,0
DA:320,0
DA:321,0
DA:322,0
DA:323,0
DA:324,0
DA:325,0
DA:326,0
DA:327,0
DA:329,0
DA:331,0
DA:332,0
DA:333,0
DA:334,0
DA:338,0
DA:343,0
DA:344,0
DA:345,0
DA:346,0
DA:348,0
DA:356,0
DA:357,0
DA:361,1
LF:179
LH:36
BRDA:78,0,0,0
BRDA:78,0,1,0
BRDA:82,1,0,0
BRDA:82,1,1,0
BRDA:82,2,0,0
BRDA:82,2,1,0
BRDA:85,3,0,0
BRDA:85,3,1,0
BRDA:106,4,0,0
BRDA:106,4,1,0
BRDA:106,5,0,0
BRDA:106,5,1,0
BRDA:108,6,0,0
BRDA:108,6,1,0
BRDA:128,7,0,3
BRDA:128,7,1,3
BRDA:132,8,0,0
BRDA:132,8,1,2
BRDA:132,9,0,2
BRDA:132,9,1,2
BRDA:137,10,0,12
BRDA:137,10,1,12
BRDA:137,11,0,24
BRDA:137,11,1,12
BRDA:139,12,0,0
BRDA:139,12,1,12
BRDA:142,13,0,1
BRDA:142,13,1,11
BRDA:149,14,0,0
BRDA:149,14,1,0
BRDA:161,15,0,0
BRDA:161,15,1,0
BRDA:165,16,0,0
BRDA:165,16,1,0
BRDA:174,17,0,0
BRDA:174,17,1,0
BRDA:188,18,0,0
BRDA:188,18,1,0
BRDA:189,19,0,0
BRDA:189,19,1,0
BRDA:190,20,0,0
BRDA:190,20,1,0
BRDA:200,21,0,0
BRDA:200,21,1,0
BRDA:205,22,0,0
BRDA:205,22,1,0
BRDA:210,23,0,0
BRDA:210,23,1,0
BRDA:229,24,0,0
BRDA:229,24,1,0
BRDA:234,25,0,0
BRDA:234,25,1,0
BRDA:234,26,0,0
BRDA:234,26,1,0
BRDA:251,27,0,0
BRDA:251,27,1,0
BRDA:279,28,0,0
BRDA:279,28,1,0
BRDA:288,29,0,0
BRDA:288,29,1,0
BRDA:288,30,0,0
BRDA:288,30,1,0
BRDA:288,30,2,0
BRDA:290,31,0,0
BRDA:290,31,1,0
BRDA:290,32,0,0
BRDA:290,32,1,0
BRDA:307,33,0,0
BRDA:307,33,1,0
BRDA:318,34,0,0
BRDA:318,34,1,0
BRDA:318,35,0,0
BRDA:318,35,1,0
BRDA:318,35,2,0
BRDA:320,36,0,0
BRDA:320,36,1,0
BRDA:320,37,0,0
BRDA:320,37,1,0
BRDA:323,38,0,0
BRDA:323,38,1,0
BRDA:345,39,0,0
BRDA:345,39,1,0
BRDA:345,40,0,0
BRDA:345,40,1,0
BRDA:345,40,2,0
BRDA:345,40,3,0
BRDA:352,41,0,0
BRDA:352,41,1,0
BRF:88
BRH:12
end_of_record
TN:
SF:src\services\AgendamentoStore.ts
FN:8,ensureDir
FN:14,load
FN:25,save
FN:31,(anonymous_12)
FN:46,(anonymous_13)
FN:47,(anonymous_14)
FN:50,(anonymous_15)
FN:51,(anonymous_16)
FN:54,(anonymous_17)
FN:55,(anonymous_18)
FN:58,(anonymous_19)
FN:99,(anonymous_20)
FN:101,(anonymous_21)
FN:109,(anonymous_22)
FN:110,(anonymous_23)
FN:117,(anonymous_24)
FNF:16
FNH:3
FNDA:1,ensureDir
FNDA:1,load
FNDA:0,save
FNDA:0,(anonymous_12)
FNDA:0,(anonymous_13)
FNDA:0,(anonymous_14)
FNDA:0,(anonymous_15)
FNDA:0,(anonymous_16)
FNDA:0,(anonymous_17)
FNDA:0,(anonymous_18)
FNDA:0,(anonymous_19)
FNDA:0,(anonymous_20)
FNDA:0,(anonymous_21)
FNDA:0,(anonymous_22)
FNDA:0,(anonymous_23)
FNDA:1,(anonymous_24)
DA:1,3
DA:2,3
DA:5,3
DA:6,3
DA:9,1
DA:10,0
DA:15,1
DA:16,1
DA:17,0
DA:18,0
DA:19,0
DA:21,0
DA:26,0
DA:27,0
DA:30,3
DA:32,0
DA:33,0
DA:34,0
DA:35,0
DA:41,0
DA:42,0
DA:43,0
DA:47,0
DA:51,0
DA:52,0
DA:53,0
DA:54,0
DA:55,0
DA:67,0
DA:68,0
DA:69,0
DA:70,0
DA:72,0
DA:73,0
DA:74,0
DA:75,0
DA:76,0
DA:78,0
DA:79,0
DA:80,0
DA:81,0
DA:82,0
DA:83,0
DA:84,0
DA:87,0
DA:100,0
DA:101,0
DA:102,0
DA:103,0
DA:104,0
DA:105,0
DA:106,0
DA:110,0
DA:118,1
DA:119,1
DA:120,1
DA:121,1
DA:122,1
DA:123,0
DA:124,0
DA:125,0
DA:127,1
LF:62
LH:14
BRDA:9,0,0,0
BRDA:9,0,1,1
BRDA:16,1,0,1
BRDA:16,1,1,0
BRDA:79,2,0,0
BRDA:79,2,1,0
BRDA:81,3,0,0
BRDA:81,3,1,0
BRDA:82,4,0,0
BRDA:82,4,1,0
BRDA:83,5,0,0
BRDA:83,5,1,0
BRDA:84,6,0,0
BRDA:84,6,1,0
BRDA:102,7,0,0
BRDA:102,7,1,0
BRDA:123,8,0,0
BRDA:123,8,1,0
BRDA:123,9,0,0
BRDA:123,9,1,0
BRDA:125,10,0,0
BRDA:125,10,1,0
BRDA:125,11,0,0
BRDA:125,11,1,0
BRF:24
BRH:2
end_of_record
TN:
SF:src\services\MenuService.ts
FN:5,(anonymous_0)
FN:22,(anonymous_1)
FN:33,(anonymous_2)
FN:45,(anonymous_3)
FN:49,(anonymous_4)
FN:61,(anonymous_5)
FN:69,(anonymous_6)
FN:84,(anonymous_7)
FN:88,(anonymous_8)
FNF:9
FNH:5
FNDA:2,(anonymous_0)
FNDA:2,(anonymous_1)
FNDA:1,(anonymous_2)
FNDA:1,(anonymous_3)
FNDA:1,(anonymous_4)
FNDA:0,(anonymous_5)
FNDA:0,(anonymous_6)
FNDA:0,(anonymous_7)
FNDA:0,(anonymous_8)
DA:4,3
DA:6,2
DA:23,2
DA:34,1
DA:46,1
DA:50,1
DA:62,0
DA:70,0
DA:85,0
DA:89,0
LF:10
LH:6
BRF:0
BRH:0
end_of_record
TN:
SF:src\services\OutlookCalendarService.ts
FN:14,isConfigOk
FN:19,parseDataPreferida
FN:40,toGraphDateTime
FN:44,getAccessToken
FN:75,criarEventoOutlook
FNF:5
FNH:0
FNDA:0,isConfigOk
FNDA:0,parseDataPreferida
FNDA:0,toGraphDateTime
FNDA:0,getAccessToken
FNDA:0,criarEventoOutlook
DA:8,2
DA:9,2
DA:10,2
DA:11,2
DA:12,2
DA:15,0
DA:20,0
DA:22,0
DA:24,0
DA:25,0
DA:26,0
DA:27,0
DA:28,0
DA:31,0
DA:32,0
DA:33,0
DA:35,0
DA:36,0
DA:37,0
DA:41,0
DA:45,0
DA:46,0
DA:47,0
DA:53,0
DA:58,0
DA:59,0
DA:60,0
DA:62,0
DA:63,0
DA:65,0
DA:66,0
DA:75,2
DA:76,0
DA:77,0
DA:78,0
DA:82,0
DA:83,0
DA:84,0
DA:85,0
DA:87,0
DA:88,0
DA:89,0
DA:91,0
DA:115,0
DA:116,0
DA:124,0
DA:125,0
DA:126,0
DA:127,0
DA:129,0
DA:131,0
LF:51
LH:6
BRDA:8,0,0,2
BRDA:8,0,1,2
BRDA:9,1,0,2
BRDA:9,1,1,2
BRDA:10,2,0,2
BRDA:10,2,1,2
BRDA:11,3,0,2
BRDA:11,3,1,2
BRDA:12,4,0,2
BRDA:12,4,1,2
BRDA:15,5,0,0
BRDA:15,5,1,0
BRDA:15,5,2,0
BRDA:24,6,0,0
BRDA:24,6,1,0
BRDA:27,7,0,0
BRDA:27,7,1,0
BRDA:45,8,0,0
BRDA:45,8,1,0
BRDA:58,9,0,0
BRDA:58,9,1,0
BRDA:63,10,0,0
BRDA:63,10,1,0
BRDA:76,11,0,0
BRDA:76,11,1,0
BRDA:78,12,0,0
BRDA:78,12,1,0
BRDA:82,13,0,0
BRDA:82,13,1,0
BRDA:124,14,0,0
BRDA:124,14,1,0
BRF:31
BRH:10
end_of_record
